2019-10-29 00:00:02,069 INFO 12220 [egg-logrotator] app logger reload: got log-reload message
2019-10-29 04:30:01,872 INFO 12220 [-/127.0.0.1/-/0ms SCHEDULE /__schedule?path=C:\Users\Administrator\Desktop\egg-demo\node_modules\egg-multipart\app\schedule\clean_tmpdir.js&type=worker&cron=0%2030%204%20*%20*%20*&immediate=false] [egg-multipart:CleanTmpdir] start clean tmpdir: "C:\\Users\\ADMINI~1\\AppData\\Local\\Temp\\egg-multipart-tmp\\egg-example"
2019-10-29 04:30:01,882 INFO 12220 [-/127.0.0.1/-/10ms SCHEDULE /__schedule?path=C:\Users\Administrator\Desktop\egg-demo\node_modules\egg-multipart\app\schedule\clean_tmpdir.js&type=worker&cron=0%2030%204%20*%20*%20*&immediate=false] [egg-multipart:CleanTmpdir] end
2019-10-29 09:39:25,703 INFO 8840 [egg:logger] init all loggers with options: {"dir":"C:\\Users\\Administrator\\Desktop\\egg-demo\\logs\\egg-example","encoding":"utf8","env":"local","level":"INFO","consoleLevel":"INFO","disableConsoleAfterReady":false,"outputJSON":false,"buffer":true,"appLogName":"egg-example-web.log","coreLogName":"egg-web.log","agentLogName":"egg-agent.log","errorLogName":"common-error.log","coreLogger":{"consoleLevel":"WARN"},"allowDebugAtProd":false,"type":"application"}
2019-10-29 09:39:25,727 INFO 8840 [egg-multipart] stream mode enable
2019-10-29 09:39:25,776 INFO 8840 [egg-static] starting static serve /public/ -> C:\Users\Administrator\Desktop\egg-demo\app\public
2019-10-29 09:39:25,779 INFO 8840 [egg-security] use csrf middleware
2019-10-29 09:39:25,780 INFO 8840 [egg-security] use methodnoallow middleware
2019-10-29 09:39:25,780 INFO 8840 [egg-security] use noopen middleware
2019-10-29 09:39:25,781 INFO 8840 [egg-security] use nosniff middleware
2019-10-29 09:39:25,781 INFO 8840 [egg-security] use xssProtection middleware
2019-10-29 09:39:25,781 INFO 8840 [egg-security] use xframe middleware
2019-10-29 09:39:25,782 INFO 8840 [egg-security] use dta middleware
2019-10-29 09:39:25,782 INFO 8840 [egg-security] compose 7 middlewares into one security middleware
2019-10-29 09:39:25,794 INFO 8840 [egg:core] dump config after load, 9ms
2019-10-29 09:39:25,804 INFO 8840 [egg-watcher:application] watcher start success
2019-10-29 09:39:25,815 INFO 8840 [egg:core] dump config after ready, 10ms
2019-11-01 10:45:04,400 INFO 10616 [egg:logger] init all loggers with options: {"dir":"C:\\Users\\Administrator\\Desktop\\egg-demo\\logs\\egg-example","encoding":"utf8","env":"local","level":"INFO","consoleLevel":"INFO","disableConsoleAfterReady":false,"outputJSON":false,"buffer":true,"appLogName":"egg-example-web.log","coreLogName":"egg-web.log","agentLogName":"egg-agent.log","errorLogName":"common-error.log","coreLogger":{"consoleLevel":"WARN"},"allowDebugAtProd":false,"type":"application"}
2019-11-01 10:45:04,421 INFO 10616 [egg-multipart] stream mode enable
2019-11-01 10:45:04,471 INFO 10616 [egg-static] starting static serve /public/ -> C:\Users\Administrator\Desktop\egg-demo\app\public
2019-11-01 10:45:04,471 INFO 10616 [egg-security] use csrf middleware
2019-11-01 10:45:04,471 INFO 10616 [egg-security] use methodnoallow middleware
2019-11-01 10:45:04,471 INFO 10616 [egg-security] use noopen middleware
2019-11-01 10:45:04,481 INFO 10616 [egg-security] use nosniff middleware
2019-11-01 10:45:04,481 INFO 10616 [egg-security] use xssProtection middleware
2019-11-01 10:45:04,481 INFO 10616 [egg-security] use xframe middleware
2019-11-01 10:45:04,481 INFO 10616 [egg-security] use dta middleware
2019-11-01 10:45:04,481 INFO 10616 [egg-security] compose 7 middlewares into one security middleware
2019-11-01 10:45:04,491 INFO 10616 [egg:core] dump config after load, 10ms
2019-11-01 10:45:04,501 INFO 10616 [egg-watcher:application] watcher start success
2019-11-01 10:45:04,521 INFO 10616 [egg:core] dump config after ready, 20ms
2019-11-01 11:02:37,724 INFO 13216 [egg:logger] init all loggers with options: {"dir":"C:\\Users\\Administrator\\Desktop\\egg-demo\\logs\\egg-example","encoding":"utf8","env":"local","level":"INFO","consoleLevel":"INFO","disableConsoleAfterReady":false,"outputJSON":false,"buffer":true,"appLogName":"egg-example-web.log","coreLogName":"egg-web.log","agentLogName":"egg-agent.log","errorLogName":"common-error.log","coreLogger":{"consoleLevel":"WARN"},"allowDebugAtProd":false,"type":"application"}
2019-11-01 11:02:37,750 INFO 13216 [egg-multipart] stream mode enable
2019-11-01 11:02:37,792 INFO 13216 [egg-static] starting static serve /public/ -> C:\Users\Administrator\Desktop\egg-demo\app\public
2019-11-01 11:02:37,805 INFO 13216 [egg-security] use csrf middleware
2019-11-01 11:02:37,806 INFO 13216 [egg-security] use methodnoallow middleware
2019-11-01 11:02:37,806 INFO 13216 [egg-security] use noopen middleware
2019-11-01 11:02:37,807 INFO 13216 [egg-security] use nosniff middleware
2019-11-01 11:02:37,807 INFO 13216 [egg-security] use xssProtection middleware
2019-11-01 11:02:37,808 INFO 13216 [egg-security] use xframe middleware
2019-11-01 11:02:37,808 INFO 13216 [egg-security] use dta middleware
2019-11-01 11:02:37,808 INFO 13216 [egg-security] compose 7 middlewares into one security middleware
2019-11-01 11:02:37,827 INFO 13216 [egg:core] dump config after load, 15ms
2019-11-01 11:02:37,838 INFO 13216 [egg-watcher:application] watcher start success
2019-11-01 11:02:37,858 INFO 13216 [egg:core] dump config after ready, 18ms
2019-11-01 11:08:01,575 INFO 11784 [egg:logger] init all loggers with options: {"dir":"C:\\Users\\Administrator\\Desktop\\egg-demo\\logs\\egg-example","encoding":"utf8","env":"local","level":"INFO","consoleLevel":"INFO","disableConsoleAfterReady":false,"outputJSON":false,"buffer":true,"appLogName":"egg-example-web.log","coreLogName":"egg-web.log","agentLogName":"egg-agent.log","errorLogName":"common-error.log","coreLogger":{"consoleLevel":"WARN"},"allowDebugAtProd":false,"type":"application"}
2019-11-01 11:08:01,605 INFO 11784 [egg-multipart] stream mode enable
2019-11-01 11:08:01,605 INFO 11784 [egg-mysql] connecting root@127.0.0.1:3306/test
2019-11-01 11:08:01,691 INFO 11784 [egg-static] starting static serve /public/ -> C:\Users\Administrator\Desktop\egg-demo\app\public
2019-11-01 11:08:01,701 INFO 11784 [egg-security] use csrf middleware
2019-11-01 11:08:01,701 INFO 11784 [egg-security] use methodnoallow middleware
2019-11-01 11:08:01,701 INFO 11784 [egg-security] use noopen middleware
2019-11-01 11:08:01,701 INFO 11784 [egg-security] use nosniff middleware
2019-11-01 11:08:01,701 INFO 11784 [egg-security] use xssProtection middleware
2019-11-01 11:08:01,701 INFO 11784 [egg-security] use xframe middleware
2019-11-01 11:08:01,701 INFO 11784 [egg-security] use dta middleware
2019-11-01 11:08:01,701 INFO 11784 [egg-security] compose 7 middlewares into one security middleware
2019-11-01 11:08:01,711 INFO 11784 [egg:core] dump config after load, 10ms
2019-11-01 11:08:01,731 INFO 11784 [egg-watcher:application] watcher start success
2019-11-01 11:08:01,731 INFO 11784 [egg-mysql] instance[0] status OK, rds currentTime: Fri Nov 01 2019 11:08:01 GMT+0800 (中国标准时间)
2019-11-01 11:08:01,741 INFO 11784 [egg:core] dump config after ready, 10ms
2019-11-01 11:44:54,132 INFO 8456 [egg:logger] init all loggers with options: {"dir":"C:\\Users\\Administrator\\Desktop\\egg-demo\\logs\\egg-example","encoding":"utf8","env":"local","level":"INFO","consoleLevel":"INFO","disableConsoleAfterReady":false,"outputJSON":false,"buffer":true,"appLogName":"egg-example-web.log","coreLogName":"egg-web.log","agentLogName":"egg-agent.log","errorLogName":"common-error.log","coreLogger":{"consoleLevel":"WARN"},"allowDebugAtProd":false,"type":"application"}
2019-11-01 11:44:54,159 INFO 8456 [egg-multipart] stream mode enable
2019-11-01 11:44:54,160 INFO 8456 [egg-mysql] connecting root@127.0.0.1:3306/test
2019-11-01 11:44:54,262 INFO 8456 [egg-static] starting static serve /public/ -> C:\Users\Administrator\Desktop\egg-demo\app\public
2019-11-01 11:44:54,265 INFO 8456 [egg-security] use csrf middleware
2019-11-01 11:44:54,265 INFO 8456 [egg-security] use methodnoallow middleware
2019-11-01 11:44:54,266 INFO 8456 [egg-security] use noopen middleware
2019-11-01 11:44:54,266 INFO 8456 [egg-security] use nosniff middleware
2019-11-01 11:44:54,267 INFO 8456 [egg-security] use xssProtection middleware
2019-11-01 11:44:54,267 INFO 8456 [egg-security] use xframe middleware
2019-11-01 11:44:54,268 INFO 8456 [egg-security] use dta middleware
2019-11-01 11:44:54,268 INFO 8456 [egg-security] compose 7 middlewares into one security middleware
2019-11-01 11:44:54,284 INFO 8456 [egg:core] dump config after load, 11ms
2019-11-01 11:44:54,301 INFO 8456 [egg-watcher:application] watcher start success
2019-11-01 11:44:54,303 INFO 8456 [egg-mysql] instance[0] status OK, rds currentTime: Fri Nov 01 2019 11:44:54 GMT+0800 (中国标准时间)
2019-11-01 11:44:54,316 INFO 8456 [egg:core] dump config after ready, 11ms
2019-11-01 11:45:06,747 INFO 5892 [egg:logger] init all loggers with options: {"dir":"C:\\Users\\Administrator\\Desktop\\egg-demo\\logs\\egg-example","encoding":"utf8","env":"local","level":"INFO","consoleLevel":"INFO","disableConsoleAfterReady":false,"outputJSON":false,"buffer":true,"appLogName":"egg-example-web.log","coreLogName":"egg-web.log","agentLogName":"egg-agent.log","errorLogName":"common-error.log","coreLogger":{"consoleLevel":"WARN"},"allowDebugAtProd":false,"type":"application"}
2019-11-01 11:45:06,770 INFO 5892 [egg-multipart] stream mode enable
2019-11-01 11:45:06,770 INFO 5892 [egg-mysql] connecting root@127.0.0.1:3306/test
2019-11-01 11:45:06,860 INFO 5892 [egg-static] starting static serve /public/ -> C:\Users\Administrator\Desktop\egg-demo\app\public
2019-11-01 11:45:06,860 INFO 5892 [egg-security] use csrf middleware
2019-11-01 11:45:06,860 INFO 5892 [egg-security] use methodnoallow middleware
2019-11-01 11:45:06,860 INFO 5892 [egg-security] use noopen middleware
2019-11-01 11:45:06,860 INFO 5892 [egg-security] use nosniff middleware
2019-11-01 11:45:06,860 INFO 5892 [egg-security] use xssProtection middleware
2019-11-01 11:45:06,860 INFO 5892 [egg-security] use xframe middleware
2019-11-01 11:45:06,860 INFO 5892 [egg-security] use dta middleware
2019-11-01 11:45:06,860 INFO 5892 [egg-security] compose 7 middlewares into one security middleware
2019-11-01 11:45:06,880 INFO 5892 [egg:core] dump config after load, 10ms
2019-11-01 11:45:06,899 INFO 5892 [egg-mysql] instance[0] status OK, rds currentTime: Fri Nov 01 2019 11:45:06 GMT+0800 (中国标准时间)
2019-11-01 11:45:06,901 INFO 5892 [egg-watcher:application] watcher start success
2019-11-01 11:45:06,913 INFO 5892 [egg:core] dump config after ready, 10ms
2019-11-01 11:48:16,817 INFO 9580 [egg:logger] init all loggers with options: {"dir":"C:\\Users\\Administrator\\Desktop\\egg-demo\\logs\\egg-example","encoding":"utf8","env":"local","level":"INFO","consoleLevel":"INFO","disableConsoleAfterReady":false,"outputJSON":false,"buffer":true,"appLogName":"egg-example-web.log","coreLogName":"egg-web.log","agentLogName":"egg-agent.log","errorLogName":"common-error.log","coreLogger":{"consoleLevel":"WARN"},"allowDebugAtProd":false,"type":"application"}
2019-11-01 11:48:16,845 INFO 9580 [egg-multipart] stream mode enable
2019-11-01 11:48:16,845 INFO 9580 [egg-mysql] connecting root@127.0.0.1:3306/test
2019-11-01 11:48:16,951 INFO 9580 [egg-static] starting static serve /public/ -> C:\Users\Administrator\Desktop\egg-demo\app\public
2019-11-01 11:48:16,955 INFO 9580 [egg-security] use csrf middleware
2019-11-01 11:48:16,956 INFO 9580 [egg-security] use methodnoallow middleware
2019-11-01 11:48:16,956 INFO 9580 [egg-security] use noopen middleware
2019-11-01 11:48:16,957 INFO 9580 [egg-security] use nosniff middleware
2019-11-01 11:48:16,957 INFO 9580 [egg-security] use xssProtection middleware
2019-11-01 11:48:16,958 INFO 9580 [egg-security] use xframe middleware
2019-11-01 11:48:16,958 INFO 9580 [egg-security] use dta middleware
2019-11-01 11:48:16,958 INFO 9580 [egg-security] compose 7 middlewares into one security middleware
2019-11-01 11:48:16,974 INFO 9580 [egg:core] dump config after load, 12ms
2019-11-01 11:48:16,992 INFO 9580 [egg-watcher:application] watcher start success
2019-11-01 11:48:16,994 INFO 9580 [egg-mysql] instance[0] status OK, rds currentTime: Fri Nov 01 2019 11:48:16 GMT+0800 (中国标准时间)
2019-11-01 11:48:17,010 INFO 9580 [egg:core] dump config after ready, 15ms
2019-11-01 11:48:29,094 INFO 7656 [egg:logger] init all loggers with options: {"dir":"C:\\Users\\Administrator\\Desktop\\egg-demo\\logs\\egg-example","encoding":"utf8","env":"local","level":"INFO","consoleLevel":"INFO","disableConsoleAfterReady":false,"outputJSON":false,"buffer":true,"appLogName":"egg-example-web.log","coreLogName":"egg-web.log","agentLogName":"egg-agent.log","errorLogName":"common-error.log","coreLogger":{"consoleLevel":"WARN"},"allowDebugAtProd":false,"type":"application"}
2019-11-01 11:48:29,120 INFO 7656 [egg-multipart] stream mode enable
2019-11-01 11:48:29,121 INFO 7656 [egg-mysql] connecting root@127.0.0.1:3306/test
2019-11-01 11:48:29,218 INFO 7656 [egg-static] starting static serve /public/ -> C:\Users\Administrator\Desktop\egg-demo\app\public
2019-11-01 11:48:29,221 INFO 7656 [egg-security] use csrf middleware
2019-11-01 11:48:29,221 INFO 7656 [egg-security] use methodnoallow middleware
2019-11-01 11:48:29,222 INFO 7656 [egg-security] use noopen middleware
2019-11-01 11:48:29,222 INFO 7656 [egg-security] use nosniff middleware
2019-11-01 11:48:29,223 INFO 7656 [egg-security] use xssProtection middleware
2019-11-01 11:48:29,223 INFO 7656 [egg-security] use xframe middleware
2019-11-01 11:48:29,223 INFO 7656 [egg-security] use dta middleware
2019-11-01 11:48:29,224 INFO 7656 [egg-security] compose 7 middlewares into one security middleware
2019-11-01 11:48:29,237 INFO 7656 [egg:core] dump config after load, 10ms
2019-11-01 11:48:29,254 INFO 7656 [egg-mysql] instance[0] status OK, rds currentTime: Fri Nov 01 2019 11:48:29 GMT+0800 (中国标准时间)
2019-11-01 11:48:29,256 INFO 7656 [egg-watcher:application] watcher start success
2019-11-01 11:48:29,269 INFO 7656 [egg:core] dump config after ready, 11ms
2019-11-01 14:25:06,821 INFO 4180 [egg:logger] init all loggers with options: {"dir":"C:\\Users\\Administrator\\Desktop\\egg-demo\\logs\\egg-example","encoding":"utf8","env":"local","level":"INFO","consoleLevel":"INFO","disableConsoleAfterReady":false,"outputJSON":false,"buffer":true,"appLogName":"egg-example-web.log","coreLogName":"egg-web.log","agentLogName":"egg-agent.log","errorLogName":"common-error.log","coreLogger":{"consoleLevel":"WARN"},"allowDebugAtProd":false,"type":"application"}
2019-11-01 14:25:06,846 INFO 4180 [egg-multipart] stream mode enable
2019-11-01 14:25:06,846 INFO 4180 [egg-mysql] connecting root@127.0.0.1:3306/test
2019-11-01 14:25:06,938 INFO 4180 [egg-static] starting static serve /public/ -> C:\Users\Administrator\Desktop\egg-demo\app\public
2019-11-01 14:25:06,941 INFO 4180 [egg-security] use csrf middleware
2019-11-01 14:25:06,942 INFO 4180 [egg-security] use methodnoallow middleware
2019-11-01 14:25:06,942 INFO 4180 [egg-security] use noopen middleware
2019-11-01 14:25:06,943 INFO 4180 [egg-security] use nosniff middleware
2019-11-01 14:25:06,943 INFO 4180 [egg-security] use xssProtection middleware
2019-11-01 14:25:06,943 INFO 4180 [egg-security] use xframe middleware
2019-11-01 14:25:06,944 INFO 4180 [egg-security] use dta middleware
2019-11-01 14:25:06,944 INFO 4180 [egg-security] compose 7 middlewares into one security middleware
2019-11-01 14:25:06,953 INFO 4180 [egg:core] dump config after load, 5ms
2019-11-01 14:25:06,969 INFO 4180 [egg-watcher:application] watcher start success
2019-11-01 14:25:06,970 INFO 4180 [egg-mysql] instance[0] status OK, rds currentTime: Fri Nov 01 2019 14:25:06 GMT+0800 (中国标准时间)
2019-11-01 14:25:06,978 INFO 4180 [egg:core] dump config after ready, 6ms
2019-11-01 14:25:33,638 INFO 10940 [egg:logger] init all loggers with options: {"dir":"C:\\Users\\Administrator\\Desktop\\egg-demo\\logs\\egg-example","encoding":"utf8","env":"local","level":"INFO","consoleLevel":"INFO","disableConsoleAfterReady":false,"outputJSON":false,"buffer":true,"appLogName":"egg-example-web.log","coreLogName":"egg-web.log","agentLogName":"egg-agent.log","errorLogName":"common-error.log","coreLogger":{"consoleLevel":"WARN"},"allowDebugAtProd":false,"type":"application"}
2019-11-01 14:25:33,663 INFO 10940 [egg-multipart] stream mode enable
2019-11-01 14:25:33,664 INFO 10940 [egg-mysql] connecting root@127.0.0.1:3306/test
2019-11-01 14:25:33,762 INFO 10940 [egg-static] starting static serve /public/ -> C:\Users\Administrator\Desktop\egg-demo\app\public
2019-11-01 14:25:33,765 INFO 10940 [egg-security] use csrf middleware
2019-11-01 14:25:33,766 INFO 10940 [egg-security] use methodnoallow middleware
2019-11-01 14:25:33,766 INFO 10940 [egg-security] use noopen middleware
2019-11-01 14:25:33,767 INFO 10940 [egg-security] use nosniff middleware
2019-11-01 14:25:33,768 INFO 10940 [egg-security] use xssProtection middleware
2019-11-01 14:25:33,768 INFO 10940 [egg-security] use xframe middleware
2019-11-01 14:25:33,768 INFO 10940 [egg-security] use dta middleware
2019-11-01 14:25:33,768 INFO 10940 [egg-security] compose 7 middlewares into one security middleware
2019-11-01 14:25:33,779 INFO 10940 [egg:core] dump config after load, 7ms
2019-11-01 14:25:33,797 INFO 10940 [egg-watcher:application] watcher start success
2019-11-01 14:25:33,798 INFO 10940 [egg-mysql] instance[0] status OK, rds currentTime: Fri Nov 01 2019 14:25:33 GMT+0800 (中国标准时间)
2019-11-01 14:25:33,805 INFO 10940 [egg:core] dump config after ready, 5ms
2019-11-01 14:25:38,680 INFO 6776 [egg:logger] init all loggers with options: {"dir":"C:\\Users\\Administrator\\Desktop\\egg-demo\\logs\\egg-example","encoding":"utf8","env":"local","level":"INFO","consoleLevel":"INFO","disableConsoleAfterReady":false,"outputJSON":false,"buffer":true,"appLogName":"egg-example-web.log","coreLogName":"egg-web.log","agentLogName":"egg-agent.log","errorLogName":"common-error.log","coreLogger":{"consoleLevel":"WARN"},"allowDebugAtProd":false,"type":"application"}
2019-11-01 14:25:38,706 INFO 6776 [egg-multipart] stream mode enable
2019-11-01 14:25:38,707 INFO 6776 [egg-mysql] connecting root@127.0.0.1:3306/test
2019-11-01 14:25:38,811 INFO 6776 [egg-static] starting static serve /public/ -> C:\Users\Administrator\Desktop\egg-demo\app\public
2019-11-01 14:25:38,815 INFO 6776 [egg-security] use csrf middleware
2019-11-01 14:25:38,816 INFO 6776 [egg-security] use methodnoallow middleware
2019-11-01 14:25:38,817 INFO 6776 [egg-security] use noopen middleware
2019-11-01 14:25:38,818 INFO 6776 [egg-security] use nosniff middleware
2019-11-01 14:25:38,818 INFO 6776 [egg-security] use xssProtection middleware
2019-11-01 14:25:38,819 INFO 6776 [egg-security] use xframe middleware
2019-11-01 14:25:38,819 INFO 6776 [egg-security] use dta middleware
2019-11-01 14:25:38,819 INFO 6776 [egg-security] compose 7 middlewares into one security middleware
2019-11-01 14:25:38,829 INFO 6776 [egg:core] dump config after load, 6ms
2019-11-01 14:25:38,848 INFO 6776 [egg-watcher:application] watcher start success
2019-11-01 14:25:38,849 INFO 6776 [egg-mysql] instance[0] status OK, rds currentTime: Fri Nov 01 2019 14:25:38 GMT+0800 (中国标准时间)
2019-11-01 14:25:38,857 INFO 6776 [egg:core] dump config after ready, 6ms
2019-11-01 14:25:40,716 INFO 5368 [egg:logger] init all loggers with options: {"dir":"C:\\Users\\Administrator\\Desktop\\egg-demo\\logs\\egg-example","encoding":"utf8","env":"local","level":"INFO","consoleLevel":"INFO","disableConsoleAfterReady":false,"outputJSON":false,"buffer":true,"appLogName":"egg-example-web.log","coreLogName":"egg-web.log","agentLogName":"egg-agent.log","errorLogName":"common-error.log","coreLogger":{"consoleLevel":"WARN"},"allowDebugAtProd":false,"type":"application"}
2019-11-01 14:25:40,742 INFO 5368 [egg-multipart] stream mode enable
2019-11-01 14:25:40,742 INFO 5368 [egg-mysql] connecting root@127.0.0.1:3306/test
2019-11-01 14:25:40,836 INFO 5368 [egg-static] starting static serve /public/ -> C:\Users\Administrator\Desktop\egg-demo\app\public
2019-11-01 14:25:40,839 INFO 5368 [egg-security] use csrf middleware
2019-11-01 14:25:40,840 INFO 5368 [egg-security] use methodnoallow middleware
2019-11-01 14:25:40,841 INFO 5368 [egg-security] use noopen middleware
2019-11-01 14:25:40,842 INFO 5368 [egg-security] use nosniff middleware
2019-11-01 14:25:40,843 INFO 5368 [egg-security] use xssProtection middleware
2019-11-01 14:25:40,843 INFO 5368 [egg-security] use xframe middleware
2019-11-01 14:25:40,844 INFO 5368 [egg-security] use dta middleware
2019-11-01 14:25:40,844 INFO 5368 [egg-security] compose 7 middlewares into one security middleware
2019-11-01 14:25:40,854 INFO 5368 [egg:core] dump config after load, 5ms
2019-11-01 14:25:40,871 INFO 5368 [egg-watcher:application] watcher start success
2019-11-01 14:25:40,873 INFO 5368 [egg-mysql] instance[0] status OK, rds currentTime: Fri Nov 01 2019 14:25:40 GMT+0800 (中国标准时间)
2019-11-01 14:25:40,880 INFO 5368 [egg:core] dump config after ready, 5ms
2019-11-01 14:26:25,145 INFO 8364 [egg:logger] init all loggers with options: {"dir":"C:\\Users\\Administrator\\Desktop\\egg-demo\\logs\\egg-example","encoding":"utf8","env":"local","level":"INFO","consoleLevel":"INFO","disableConsoleAfterReady":false,"outputJSON":false,"buffer":true,"appLogName":"egg-example-web.log","coreLogName":"egg-web.log","agentLogName":"egg-agent.log","errorLogName":"common-error.log","coreLogger":{"consoleLevel":"WARN"},"allowDebugAtProd":false,"type":"application"}
2019-11-01 14:26:25,173 INFO 8364 [egg-multipart] stream mode enable
2019-11-01 14:26:25,173 INFO 8364 [egg-mysql] connecting root@127.0.0.1:3306/test
2019-11-01 14:26:25,272 INFO 8364 [egg-static] starting static serve /public/ -> C:\Users\Administrator\Desktop\egg-demo\app\public
2019-11-01 14:26:25,275 INFO 8364 [egg-security] use csrf middleware
2019-11-01 14:26:25,275 INFO 8364 [egg-security] use methodnoallow middleware
2019-11-01 14:26:25,276 INFO 8364 [egg-security] use noopen middleware
2019-11-01 14:26:25,276 INFO 8364 [egg-security] use nosniff middleware
2019-11-01 14:26:25,277 INFO 8364 [egg-security] use xssProtection middleware
2019-11-01 14:26:25,277 INFO 8364 [egg-security] use xframe middleware
2019-11-01 14:26:25,277 INFO 8364 [egg-security] use dta middleware
2019-11-01 14:26:25,277 INFO 8364 [egg-security] compose 7 middlewares into one security middleware
2019-11-01 14:26:25,288 INFO 8364 [egg:core] dump config after load, 6ms
2019-11-01 14:26:25,307 INFO 8364 [egg-watcher:application] watcher start success
2019-11-01 14:26:25,308 INFO 8364 [egg-mysql] instance[0] status OK, rds currentTime: Fri Nov 01 2019 14:26:25 GMT+0800 (中国标准时间)
2019-11-01 14:26:25,317 INFO 8364 [egg:core] dump config after ready, 7ms
2019-11-01 14:27:27,657 INFO 2480 [egg:logger] init all loggers with options: {"dir":"C:\\Users\\Administrator\\Desktop\\egg-demo\\logs\\egg-example","encoding":"utf8","env":"local","level":"INFO","consoleLevel":"INFO","disableConsoleAfterReady":false,"outputJSON":false,"buffer":true,"appLogName":"egg-example-web.log","coreLogName":"egg-web.log","agentLogName":"egg-agent.log","errorLogName":"common-error.log","coreLogger":{"consoleLevel":"WARN"},"allowDebugAtProd":false,"type":"application"}
2019-11-01 14:27:27,684 INFO 2480 [egg-multipart] stream mode enable
2019-11-01 14:27:27,684 INFO 2480 [egg-mysql] connecting root@127.0.0.1:3306/test
2019-11-01 14:27:27,782 INFO 2480 [egg-static] starting static serve /public/ -> C:\Users\Administrator\Desktop\egg-demo\app\public
2019-11-01 14:27:27,785 INFO 2480 [egg-security] use csrf middleware
2019-11-01 14:27:27,785 INFO 2480 [egg-security] use methodnoallow middleware
2019-11-01 14:27:27,786 INFO 2480 [egg-security] use noopen middleware
2019-11-01 14:27:27,786 INFO 2480 [egg-security] use nosniff middleware
2019-11-01 14:27:27,787 INFO 2480 [egg-security] use xssProtection middleware
2019-11-01 14:27:27,787 INFO 2480 [egg-security] use xframe middleware
2019-11-01 14:27:27,787 INFO 2480 [egg-security] use dta middleware
2019-11-01 14:27:27,787 INFO 2480 [egg-security] compose 7 middlewares into one security middleware
2019-11-01 14:27:27,797 INFO 2480 [egg:core] dump config after load, 6ms
2019-11-01 14:27:27,814 INFO 2480 [egg-watcher:application] watcher start success
2019-11-01 14:27:27,816 INFO 2480 [egg-mysql] instance[0] status OK, rds currentTime: Fri Nov 01 2019 14:27:27 GMT+0800 (中国标准时间)
2019-11-01 14:27:27,823 INFO 2480 [egg:core] dump config after ready, 5ms
2019-11-01 15:28:04,225 INFO 1328 [egg:logger] init all loggers with options: {"dir":"C:\\Users\\Administrator\\Desktop\\egg-demo\\logs\\egg-example","encoding":"utf8","env":"local","level":"INFO","consoleLevel":"INFO","disableConsoleAfterReady":false,"outputJSON":false,"buffer":true,"appLogName":"egg-example-web.log","coreLogName":"egg-web.log","agentLogName":"egg-agent.log","errorLogName":"common-error.log","coreLogger":{"consoleLevel":"WARN"},"allowDebugAtProd":false,"type":"application"}
2019-11-01 15:28:04,248 INFO 1328 [egg-multipart] stream mode enable
2019-11-01 15:28:04,248 INFO 1328 [egg-mysql] connecting root@127.0.0.1:3306/test
2019-11-01 15:28:04,337 INFO 1328 [egg-static] starting static serve /public/ -> C:\Users\Administrator\Desktop\egg-demo\app\public
2019-11-01 15:28:04,339 INFO 1328 [egg-security] use csrf middleware
2019-11-01 15:28:04,340 INFO 1328 [egg-security] use methodnoallow middleware
2019-11-01 15:28:04,340 INFO 1328 [egg-security] use noopen middleware
2019-11-01 15:28:04,341 INFO 1328 [egg-security] use nosniff middleware
2019-11-01 15:28:04,341 INFO 1328 [egg-security] use xssProtection middleware
2019-11-01 15:28:04,342 INFO 1328 [egg-security] use xframe middleware
2019-11-01 15:28:04,342 INFO 1328 [egg-security] use dta middleware
2019-11-01 15:28:04,342 INFO 1328 [egg-security] compose 7 middlewares into one security middleware
2019-11-01 15:28:04,352 INFO 1328 [egg:core] dump config after load, 6ms
2019-11-01 15:28:04,367 INFO 1328 [egg-mysql] instance[0] status OK, rds currentTime: Fri Nov 01 2019 15:28:04 GMT+0800 (中国标准时间)
2019-11-01 15:28:04,369 INFO 1328 [egg-watcher:application] watcher start success
2019-11-01 15:28:04,376 INFO 1328 [egg:core] dump config after ready, 6ms
2019-11-01 15:29:57,449 INFO 3800 [egg:logger] init all loggers with options: {"dir":"C:\\Users\\Administrator\\Desktop\\egg-demo\\logs\\egg-example","encoding":"utf8","env":"local","level":"INFO","consoleLevel":"INFO","disableConsoleAfterReady":false,"outputJSON":false,"buffer":true,"appLogName":"egg-example-web.log","coreLogName":"egg-web.log","agentLogName":"egg-agent.log","errorLogName":"common-error.log","coreLogger":{"consoleLevel":"WARN"},"allowDebugAtProd":false,"type":"application"}
2019-11-01 15:29:57,473 INFO 3800 [egg-multipart] stream mode enable
2019-11-01 15:29:57,473 INFO 3800 [egg-mysql] connecting root@127.0.0.1:3306/test
2019-11-01 15:29:57,568 INFO 3800 [egg-static] starting static serve /public/ -> C:\Users\Administrator\Desktop\egg-demo\app\public
2019-11-01 15:29:57,570 INFO 3800 [egg-security] use csrf middleware
2019-11-01 15:29:57,571 INFO 3800 [egg-security] use methodnoallow middleware
2019-11-01 15:29:57,571 INFO 3800 [egg-security] use noopen middleware
2019-11-01 15:29:57,572 INFO 3800 [egg-security] use nosniff middleware
2019-11-01 15:29:57,573 INFO 3800 [egg-security] use xssProtection middleware
2019-11-01 15:29:57,573 INFO 3800 [egg-security] use xframe middleware
2019-11-01 15:29:57,573 INFO 3800 [egg-security] use dta middleware
2019-11-01 15:29:57,573 INFO 3800 [egg-security] compose 7 middlewares into one security middleware
2019-11-01 15:29:57,583 INFO 3800 [egg:core] dump config after load, 5ms
2019-11-01 15:29:57,599 INFO 3800 [egg-watcher:application] watcher start success
2019-11-01 15:29:57,600 INFO 3800 [egg-mysql] instance[0] status OK, rds currentTime: Fri Nov 01 2019 15:29:57 GMT+0800 (中国标准时间)
2019-11-01 15:29:57,607 INFO 3800 [egg:core] dump config after ready, 5ms
2019-11-01 15:30:01,729 INFO 12280 [egg:logger] init all loggers with options: {"dir":"C:\\Users\\Administrator\\Desktop\\egg-demo\\logs\\egg-example","encoding":"utf8","env":"local","level":"INFO","consoleLevel":"INFO","disableConsoleAfterReady":false,"outputJSON":false,"buffer":true,"appLogName":"egg-example-web.log","coreLogName":"egg-web.log","agentLogName":"egg-agent.log","errorLogName":"common-error.log","coreLogger":{"consoleLevel":"WARN"},"allowDebugAtProd":false,"type":"application"}
2019-11-01 15:30:01,753 INFO 12280 [egg-multipart] stream mode enable
2019-11-01 15:30:01,753 INFO 12280 [egg-mysql] connecting root@127.0.0.1:3306/test
2019-11-01 15:30:01,845 INFO 12280 [egg-static] starting static serve /public/ -> C:\Users\Administrator\Desktop\egg-demo\app\public
2019-11-01 15:30:01,847 INFO 12280 [egg-security] use csrf middleware
2019-11-01 15:30:01,848 INFO 12280 [egg-security] use methodnoallow middleware
2019-11-01 15:30:01,848 INFO 12280 [egg-security] use noopen middleware
2019-11-01 15:30:01,849 INFO 12280 [egg-security] use nosniff middleware
2019-11-01 15:30:01,849 INFO 12280 [egg-security] use xssProtection middleware
2019-11-01 15:30:01,849 INFO 12280 [egg-security] use xframe middleware
2019-11-01 15:30:01,850 INFO 12280 [egg-security] use dta middleware
2019-11-01 15:30:01,850 INFO 12280 [egg-security] compose 7 middlewares into one security middleware
2019-11-01 15:30:01,860 INFO 12280 [egg:core] dump config after load, 6ms
2019-11-01 15:30:01,876 INFO 12280 [egg-watcher:application] watcher start success
2019-11-01 15:30:01,877 INFO 12280 [egg-mysql] instance[0] status OK, rds currentTime: Fri Nov 01 2019 15:30:01 GMT+0800 (中国标准时间)
2019-11-01 15:30:01,885 INFO 12280 [egg:core] dump config after ready, 6ms
2019-11-01 15:30:42,089 INFO 12124 [egg:logger] init all loggers with options: {"dir":"C:\\Users\\Administrator\\Desktop\\egg-demo\\logs\\egg-example","encoding":"utf8","env":"local","level":"INFO","consoleLevel":"INFO","disableConsoleAfterReady":false,"outputJSON":false,"buffer":true,"appLogName":"egg-example-web.log","coreLogName":"egg-web.log","agentLogName":"egg-agent.log","errorLogName":"common-error.log","coreLogger":{"consoleLevel":"WARN"},"allowDebugAtProd":false,"type":"application"}
2019-11-01 15:30:42,116 INFO 12124 [egg-multipart] stream mode enable
2019-11-01 15:30:42,116 INFO 12124 [egg-mysql] connecting root@127.0.0.1:3306/test
2019-11-01 15:30:42,211 INFO 12124 [egg-static] starting static serve /public/ -> C:\Users\Administrator\Desktop\egg-demo\app\public
2019-11-01 15:30:42,213 INFO 12124 [egg-security] use csrf middleware
2019-11-01 15:30:42,214 INFO 12124 [egg-security] use methodnoallow middleware
2019-11-01 15:30:42,214 INFO 12124 [egg-security] use noopen middleware
2019-11-01 15:30:42,215 INFO 12124 [egg-security] use nosniff middleware
2019-11-01 15:30:42,215 INFO 12124 [egg-security] use xssProtection middleware
2019-11-01 15:30:42,216 INFO 12124 [egg-security] use xframe middleware
2019-11-01 15:30:42,216 INFO 12124 [egg-security] use dta middleware
2019-11-01 15:30:42,216 INFO 12124 [egg-security] compose 7 middlewares into one security middleware
2019-11-01 15:30:42,227 INFO 12124 [egg:core] dump config after load, 6ms
2019-11-01 15:30:42,245 INFO 12124 [egg-watcher:application] watcher start success
2019-11-01 15:30:42,246 INFO 12124 [egg-mysql] instance[0] status OK, rds currentTime: Fri Nov 01 2019 15:30:42 GMT+0800 (中国标准时间)
2019-11-01 15:30:42,253 INFO 12124 [egg:core] dump config after ready, 5ms
2019-11-01 15:32:00,954 INFO 5648 [egg:logger] init all loggers with options: {"dir":"C:\\Users\\Administrator\\Desktop\\egg-demo\\logs\\egg-example","encoding":"utf8","env":"local","level":"INFO","consoleLevel":"INFO","disableConsoleAfterReady":false,"outputJSON":false,"buffer":true,"appLogName":"egg-example-web.log","coreLogName":"egg-web.log","agentLogName":"egg-agent.log","errorLogName":"common-error.log","coreLogger":{"consoleLevel":"WARN"},"allowDebugAtProd":false,"type":"application"}
2019-11-01 15:32:00,979 INFO 5648 [egg-multipart] stream mode enable
2019-11-01 15:32:00,980 INFO 5648 [egg-mysql] connecting root@127.0.0.1:3306/test
2019-11-01 15:32:01,072 INFO 5648 [egg-static] starting static serve /public/ -> C:\Users\Administrator\Desktop\egg-demo\app\public
2019-11-01 15:32:01,075 INFO 5648 [egg-security] use csrf middleware
2019-11-01 15:32:01,076 INFO 5648 [egg-security] use methodnoallow middleware
2019-11-01 15:32:01,077 INFO 5648 [egg-security] use noopen middleware
2019-11-01 15:32:01,077 INFO 5648 [egg-security] use nosniff middleware
2019-11-01 15:32:01,078 INFO 5648 [egg-security] use xssProtection middleware
2019-11-01 15:32:01,078 INFO 5648 [egg-security] use xframe middleware
2019-11-01 15:32:01,078 INFO 5648 [egg-security] use dta middleware
2019-11-01 15:32:01,078 INFO 5648 [egg-security] compose 7 middlewares into one security middleware
2019-11-01 15:32:01,089 INFO 5648 [egg:core] dump config after load, 6ms
2019-11-01 15:32:01,106 INFO 5648 [egg-watcher:application] watcher start success
2019-11-01 15:32:01,107 INFO 5648 [egg-mysql] instance[0] status OK, rds currentTime: Fri Nov 01 2019 15:32:01 GMT+0800 (中国标准时间)
2019-11-01 15:32:01,114 INFO 5648 [egg:core] dump config after ready, 5ms
2019-11-01 15:32:21,580 INFO 10988 [egg:logger] init all loggers with options: {"dir":"C:\\Users\\Administrator\\Desktop\\egg-demo\\logs\\egg-example","encoding":"utf8","env":"local","level":"INFO","consoleLevel":"INFO","disableConsoleAfterReady":false,"outputJSON":false,"buffer":true,"appLogName":"egg-example-web.log","coreLogName":"egg-web.log","agentLogName":"egg-agent.log","errorLogName":"common-error.log","coreLogger":{"consoleLevel":"WARN"},"allowDebugAtProd":false,"type":"application"}
2019-11-01 15:32:21,605 INFO 10988 [egg-multipart] stream mode enable
2019-11-01 15:32:21,606 INFO 10988 [egg-mysql] connecting root@127.0.0.1:3306/test
2019-11-01 15:32:21,698 INFO 10988 [egg-static] starting static serve /public/ -> C:\Users\Administrator\Desktop\egg-demo\app\public
2019-11-01 15:32:21,701 INFO 10988 [egg-security] use csrf middleware
2019-11-01 15:32:21,702 INFO 10988 [egg-security] use methodnoallow middleware
2019-11-01 15:32:21,702 INFO 10988 [egg-security] use noopen middleware
2019-11-01 15:32:21,703 INFO 10988 [egg-security] use nosniff middleware
2019-11-01 15:32:21,704 INFO 10988 [egg-security] use xssProtection middleware
2019-11-01 15:32:21,704 INFO 10988 [egg-security] use xframe middleware
2019-11-01 15:32:21,704 INFO 10988 [egg-security] use dta middleware
2019-11-01 15:32:21,704 INFO 10988 [egg-security] compose 7 middlewares into one security middleware
2019-11-01 15:32:21,715 INFO 10988 [egg:core] dump config after load, 5ms
2019-11-01 15:32:21,733 INFO 10988 [egg-watcher:application] watcher start success
2019-11-01 15:32:21,735 INFO 10988 [egg-mysql] instance[0] status OK, rds currentTime: Fri Nov 01 2019 15:32:21 GMT+0800 (中国标准时间)
2019-11-01 15:32:21,742 INFO 10988 [egg:core] dump config after ready, 5ms
2019-11-01 15:32:22,776 INFO 11140 [egg:logger] init all loggers with options: {"dir":"C:\\Users\\Administrator\\Desktop\\egg-demo\\logs\\egg-example","encoding":"utf8","env":"local","level":"INFO","consoleLevel":"INFO","disableConsoleAfterReady":false,"outputJSON":false,"buffer":true,"appLogName":"egg-example-web.log","coreLogName":"egg-web.log","agentLogName":"egg-agent.log","errorLogName":"common-error.log","coreLogger":{"consoleLevel":"WARN"},"allowDebugAtProd":false,"type":"application"}
2019-11-01 15:32:22,799 INFO 11140 [egg-multipart] stream mode enable
2019-11-01 15:32:22,800 INFO 11140 [egg-mysql] connecting root@127.0.0.1:3306/test
2019-11-01 15:32:22,889 INFO 11140 [egg-static] starting static serve /public/ -> C:\Users\Administrator\Desktop\egg-demo\app\public
2019-11-01 15:32:22,892 INFO 11140 [egg-security] use csrf middleware
2019-11-01 15:32:22,892 INFO 11140 [egg-security] use methodnoallow middleware
2019-11-01 15:32:22,893 INFO 11140 [egg-security] use noopen middleware
2019-11-01 15:32:22,893 INFO 11140 [egg-security] use nosniff middleware
2019-11-01 15:32:22,894 INFO 11140 [egg-security] use xssProtection middleware
2019-11-01 15:32:22,894 INFO 11140 [egg-security] use xframe middleware
2019-11-01 15:32:22,894 INFO 11140 [egg-security] use dta middleware
2019-11-01 15:32:22,894 INFO 11140 [egg-security] compose 7 middlewares into one security middleware
2019-11-01 15:32:22,904 INFO 11140 [egg:core] dump config after load, 6ms
2019-11-01 15:32:22,921 INFO 11140 [egg-watcher:application] watcher start success
2019-11-01 15:32:22,923 INFO 11140 [egg-mysql] instance[0] status OK, rds currentTime: Fri Nov 01 2019 15:32:22 GMT+0800 (中国标准时间)
2019-11-01 15:32:22,930 INFO 11140 [egg:core] dump config after ready, 5ms
2019-11-01 15:32:33,501 INFO 7696 [egg:logger] init all loggers with options: {"dir":"C:\\Users\\Administrator\\Desktop\\egg-demo\\logs\\egg-example","encoding":"utf8","env":"local","level":"INFO","consoleLevel":"INFO","disableConsoleAfterReady":false,"outputJSON":false,"buffer":true,"appLogName":"egg-example-web.log","coreLogName":"egg-web.log","agentLogName":"egg-agent.log","errorLogName":"common-error.log","coreLogger":{"consoleLevel":"WARN"},"allowDebugAtProd":false,"type":"application"}
2019-11-01 15:32:33,525 INFO 7696 [egg-multipart] stream mode enable
2019-11-01 15:32:33,525 INFO 7696 [egg-mysql] connecting root@127.0.0.1:3306/test
2019-11-01 15:32:33,620 INFO 7696 [egg-static] starting static serve /public/ -> C:\Users\Administrator\Desktop\egg-demo\app\public
2019-11-01 15:32:33,622 INFO 7696 [egg-security] use csrf middleware
2019-11-01 15:32:33,623 INFO 7696 [egg-security] use methodnoallow middleware
2019-11-01 15:32:33,624 INFO 7696 [egg-security] use noopen middleware
2019-11-01 15:32:33,624 INFO 7696 [egg-security] use nosniff middleware
2019-11-01 15:32:33,624 INFO 7696 [egg-security] use xssProtection middleware
2019-11-01 15:32:33,625 INFO 7696 [egg-security] use xframe middleware
2019-11-01 15:32:33,625 INFO 7696 [egg-security] use dta middleware
2019-11-01 15:32:33,625 INFO 7696 [egg-security] compose 7 middlewares into one security middleware
2019-11-01 15:32:33,635 INFO 7696 [egg:core] dump config after load, 6ms
2019-11-01 15:32:33,652 INFO 7696 [egg-watcher:application] watcher start success
2019-11-01 15:32:33,653 INFO 7696 [egg-mysql] instance[0] status OK, rds currentTime: Fri Nov 01 2019 15:32:33 GMT+0800 (中国标准时间)
2019-11-01 15:32:33,660 INFO 7696 [egg:core] dump config after ready, 4ms
2019-11-01 15:33:59,678 INFO 10936 [egg:logger] init all loggers with options: {"dir":"C:\\Users\\Administrator\\Desktop\\egg-demo\\logs\\egg-example","encoding":"utf8","env":"local","level":"INFO","consoleLevel":"INFO","disableConsoleAfterReady":false,"outputJSON":false,"buffer":true,"appLogName":"egg-example-web.log","coreLogName":"egg-web.log","agentLogName":"egg-agent.log","errorLogName":"common-error.log","coreLogger":{"consoleLevel":"WARN"},"allowDebugAtProd":false,"type":"application"}
2019-11-01 15:33:59,701 INFO 10936 [egg-multipart] stream mode enable
2019-11-01 15:33:59,702 INFO 10936 [egg-mysql] connecting root@127.0.0.1:3306/test
2019-11-01 15:33:59,790 INFO 10936 [egg-static] starting static serve /public/ -> C:\Users\Administrator\Desktop\egg-demo\app\public
2019-11-01 15:33:59,793 INFO 10936 [egg-security] use csrf middleware
2019-11-01 15:33:59,794 INFO 10936 [egg-security] use methodnoallow middleware
2019-11-01 15:33:59,794 INFO 10936 [egg-security] use noopen middleware
2019-11-01 15:33:59,794 INFO 10936 [egg-security] use nosniff middleware
2019-11-01 15:33:59,795 INFO 10936 [egg-security] use xssProtection middleware
2019-11-01 15:33:59,795 INFO 10936 [egg-security] use xframe middleware
2019-11-01 15:33:59,796 INFO 10936 [egg-security] use dta middleware
2019-11-01 15:33:59,796 INFO 10936 [egg-security] compose 7 middlewares into one security middleware
2019-11-01 15:33:59,806 INFO 10936 [egg:core] dump config after load, 5ms
2019-11-01 15:33:59,822 INFO 10936 [egg-watcher:application] watcher start success
2019-11-01 15:33:59,823 INFO 10936 [egg-mysql] instance[0] status OK, rds currentTime: Fri Nov 01 2019 15:33:59 GMT+0800 (中国标准时间)
2019-11-01 15:33:59,830 INFO 10936 [egg:core] dump config after ready, 5ms
2019-11-01 15:35:17,099 INFO 9992 [egg:logger] init all loggers with options: {"dir":"C:\\Users\\Administrator\\Desktop\\egg-demo\\logs\\egg-example","encoding":"utf8","env":"local","level":"INFO","consoleLevel":"INFO","disableConsoleAfterReady":false,"outputJSON":false,"buffer":true,"appLogName":"egg-example-web.log","coreLogName":"egg-web.log","agentLogName":"egg-agent.log","errorLogName":"common-error.log","coreLogger":{"consoleLevel":"WARN"},"allowDebugAtProd":false,"type":"application"}
2019-11-01 15:35:17,119 INFO 9992 [egg-multipart] stream mode enable
2019-11-01 15:35:17,119 INFO 9992 [egg-mysql] connecting root@127.0.0.1:3306/test
2019-11-01 15:35:17,201 INFO 9992 [egg-static] starting static serve /public/ -> C:\Users\Administrator\Desktop\egg-demo\app\public
2019-11-01 15:35:17,211 INFO 9992 [egg-security] use csrf middleware
2019-11-01 15:35:17,211 INFO 9992 [egg-security] use methodnoallow middleware
2019-11-01 15:35:17,211 INFO 9992 [egg-security] use noopen middleware
2019-11-01 15:35:17,211 INFO 9992 [egg-security] use nosniff middleware
2019-11-01 15:35:17,211 INFO 9992 [egg-security] use xssProtection middleware
2019-11-01 15:35:17,211 INFO 9992 [egg-security] use xframe middleware
2019-11-01 15:35:17,211 INFO 9992 [egg-security] use dta middleware
2019-11-01 15:35:17,211 INFO 9992 [egg-security] compose 7 middlewares into one security middleware
2019-11-01 15:35:17,221 INFO 9992 [egg:core] dump config after load, 10ms
2019-11-01 15:35:17,231 INFO 9992 [egg-watcher:application] watcher start success
2019-11-01 15:35:17,231 INFO 9992 [egg-mysql] instance[0] status OK, rds currentTime: Fri Nov 01 2019 15:35:17 GMT+0800 (中国标准时间)
2019-11-01 15:35:17,241 INFO 9992 [egg:core] dump config after ready, 0ms
2019-11-01 15:35:29,819 INFO 12096 [egg:logger] init all loggers with options: {"dir":"C:\\Users\\Administrator\\Desktop\\egg-demo\\logs\\egg-example","encoding":"utf8","env":"local","level":"INFO","consoleLevel":"INFO","disableConsoleAfterReady":false,"outputJSON":false,"buffer":true,"appLogName":"egg-example-web.log","coreLogName":"egg-web.log","agentLogName":"egg-agent.log","errorLogName":"common-error.log","coreLogger":{"consoleLevel":"WARN"},"allowDebugAtProd":false,"type":"application"}
2019-11-01 15:35:29,839 INFO 12096 [egg-multipart] stream mode enable
2019-11-01 15:35:29,839 INFO 12096 [egg-mysql] connecting root@127.0.0.1:3306/test
2019-11-01 15:35:29,936 INFO 12096 [egg-static] starting static serve /public/ -> C:\Users\Administrator\Desktop\egg-demo\app\public
2019-11-01 15:35:29,939 INFO 12096 [egg-security] use csrf middleware
2019-11-01 15:35:29,939 INFO 12096 [egg-security] use methodnoallow middleware
2019-11-01 15:35:29,940 INFO 12096 [egg-security] use noopen middleware
2019-11-01 15:35:29,940 INFO 12096 [egg-security] use nosniff middleware
2019-11-01 15:35:29,941 INFO 12096 [egg-security] use xssProtection middleware
2019-11-01 15:35:29,941 INFO 12096 [egg-security] use xframe middleware
2019-11-01 15:35:29,942 INFO 12096 [egg-security] use dta middleware
2019-11-01 15:35:29,942 INFO 12096 [egg-security] compose 7 middlewares into one security middleware
2019-11-01 15:35:29,954 INFO 12096 [egg:core] dump config after load, 6ms
2019-11-01 15:35:29,970 INFO 12096 [egg-watcher:application] watcher start success
2019-11-01 15:35:29,972 INFO 12096 [egg-mysql] instance[0] status OK, rds currentTime: Fri Nov 01 2019 15:35:29 GMT+0800 (中国标准时间)
2019-11-01 15:35:29,979 INFO 12096 [egg:core] dump config after ready, 5ms
2019-11-01 15:38:56,044 INFO 4644 [egg:logger] init all loggers with options: {"dir":"C:\\Users\\Administrator\\Desktop\\egg-demo\\logs\\egg-example","encoding":"utf8","env":"local","level":"INFO","consoleLevel":"INFO","disableConsoleAfterReady":false,"outputJSON":false,"buffer":true,"appLogName":"egg-example-web.log","coreLogName":"egg-web.log","agentLogName":"egg-agent.log","errorLogName":"common-error.log","coreLogger":{"consoleLevel":"WARN"},"allowDebugAtProd":false,"type":"application"}
2019-11-01 15:38:56,067 INFO 4644 [egg-multipart] stream mode enable
2019-11-01 15:38:56,068 INFO 4644 [egg-mysql] connecting root@127.0.0.1:3306/test
2019-11-01 15:38:56,160 INFO 4644 [egg-static] starting static serve /public/ -> C:\Users\Administrator\Desktop\egg-demo\app\public
2019-11-01 15:38:56,163 INFO 4644 [egg-security] use csrf middleware
2019-11-01 15:38:56,163 INFO 4644 [egg-security] use methodnoallow middleware
2019-11-01 15:38:56,164 INFO 4644 [egg-security] use noopen middleware
2019-11-01 15:38:56,165 INFO 4644 [egg-security] use nosniff middleware
2019-11-01 15:38:56,165 INFO 4644 [egg-security] use xssProtection middleware
2019-11-01 15:38:56,165 INFO 4644 [egg-security] use xframe middleware
2019-11-01 15:38:56,166 INFO 4644 [egg-security] use dta middleware
2019-11-01 15:38:56,166 INFO 4644 [egg-security] compose 7 middlewares into one security middleware
2019-11-01 15:38:56,176 INFO 4644 [egg:core] dump config after load, 6ms
2019-11-01 15:38:56,193 INFO 4644 [egg-watcher:application] watcher start success
2019-11-01 15:38:56,194 INFO 4644 [egg-mysql] instance[0] status OK, rds currentTime: Fri Nov 01 2019 15:38:56 GMT+0800 (中国标准时间)
2019-11-01 15:38:56,201 INFO 4644 [egg:core] dump config after ready, 5ms
2019-11-01 15:39:24,910 INFO 5840 [egg:logger] init all loggers with options: {"dir":"C:\\Users\\Administrator\\Desktop\\egg-demo\\logs\\egg-example","encoding":"utf8","env":"local","level":"INFO","consoleLevel":"INFO","disableConsoleAfterReady":false,"outputJSON":false,"buffer":true,"appLogName":"egg-example-web.log","coreLogName":"egg-web.log","agentLogName":"egg-agent.log","errorLogName":"common-error.log","coreLogger":{"consoleLevel":"WARN"},"allowDebugAtProd":false,"type":"application"}
2019-11-01 15:39:24,936 INFO 5840 [egg-multipart] stream mode enable
2019-11-01 15:39:24,936 INFO 5840 [egg-mysql] connecting root@127.0.0.1:3306/test
2019-11-01 15:39:25,027 INFO 5840 [egg-static] starting static serve /public/ -> C:\Users\Administrator\Desktop\egg-demo\app\public
2019-11-01 15:39:25,029 INFO 5840 [egg-security] use csrf middleware
2019-11-01 15:39:25,030 INFO 5840 [egg-security] use methodnoallow middleware
2019-11-01 15:39:25,030 INFO 5840 [egg-security] use noopen middleware
2019-11-01 15:39:25,031 INFO 5840 [egg-security] use nosniff middleware
2019-11-01 15:39:25,031 INFO 5840 [egg-security] use xssProtection middleware
2019-11-01 15:39:25,032 INFO 5840 [egg-security] use xframe middleware
2019-11-01 15:39:25,032 INFO 5840 [egg-security] use dta middleware
2019-11-01 15:39:25,032 INFO 5840 [egg-security] compose 7 middlewares into one security middleware
2019-11-01 15:39:25,042 INFO 5840 [egg:core] dump config after load, 6ms
2019-11-01 15:39:25,059 INFO 5840 [egg-watcher:application] watcher start success
2019-11-01 15:39:25,060 INFO 5840 [egg-mysql] instance[0] status OK, rds currentTime: Fri Nov 01 2019 15:39:25 GMT+0800 (中国标准时间)
2019-11-01 15:39:25,068 INFO 5840 [egg:core] dump config after ready, 6ms
2019-11-01 15:40:15,797 INFO 7968 [egg:logger] init all loggers with options: {"dir":"C:\\Users\\Administrator\\Desktop\\egg-demo\\logs\\egg-example","encoding":"utf8","env":"local","level":"INFO","consoleLevel":"INFO","disableConsoleAfterReady":false,"outputJSON":false,"buffer":true,"appLogName":"egg-example-web.log","coreLogName":"egg-web.log","agentLogName":"egg-agent.log","errorLogName":"common-error.log","coreLogger":{"consoleLevel":"WARN"},"allowDebugAtProd":false,"type":"application"}
2019-11-01 15:40:15,823 INFO 7968 [egg-multipart] stream mode enable
2019-11-01 15:40:15,823 INFO 7968 [egg-mysql] connecting root@127.0.0.1:3306/test
2019-11-01 15:40:15,913 INFO 7968 [egg-static] starting static serve /public/ -> C:\Users\Administrator\Desktop\egg-demo\app\public
2019-11-01 15:40:15,916 INFO 7968 [egg-security] use csrf middleware
2019-11-01 15:40:15,916 INFO 7968 [egg-security] use methodnoallow middleware
2019-11-01 15:40:15,917 INFO 7968 [egg-security] use noopen middleware
2019-11-01 15:40:15,918 INFO 7968 [egg-security] use nosniff middleware
2019-11-01 15:40:15,918 INFO 7968 [egg-security] use xssProtection middleware
2019-11-01 15:40:15,918 INFO 7968 [egg-security] use xframe middleware
2019-11-01 15:40:15,919 INFO 7968 [egg-security] use dta middleware
2019-11-01 15:40:15,919 INFO 7968 [egg-security] compose 7 middlewares into one security middleware
2019-11-01 15:40:15,930 INFO 7968 [egg:core] dump config after load, 6ms
2019-11-01 15:40:15,945 INFO 7968 [egg-watcher:application] watcher start success
2019-11-01 15:40:15,947 INFO 7968 [egg-mysql] instance[0] status OK, rds currentTime: Fri Nov 01 2019 15:40:15 GMT+0800 (中国标准时间)
2019-11-01 15:40:15,954 INFO 7968 [egg:core] dump config after ready, 6ms
2019-11-01 15:40:25,947 INFO 2484 [egg:logger] init all loggers with options: {"dir":"C:\\Users\\Administrator\\Desktop\\egg-demo\\logs\\egg-example","encoding":"utf8","env":"local","level":"INFO","consoleLevel":"INFO","disableConsoleAfterReady":false,"outputJSON":false,"buffer":true,"appLogName":"egg-example-web.log","coreLogName":"egg-web.log","agentLogName":"egg-agent.log","errorLogName":"common-error.log","coreLogger":{"consoleLevel":"WARN"},"allowDebugAtProd":false,"type":"application"}
2019-11-01 15:40:25,971 INFO 2484 [egg-multipart] stream mode enable
2019-11-01 15:40:25,972 INFO 2484 [egg-mysql] connecting root@127.0.0.1:3306/test
2019-11-01 15:40:26,057 INFO 2484 [egg-static] starting static serve /public/ -> C:\Users\Administrator\Desktop\egg-demo\app\public
2019-11-01 15:40:26,057 INFO 2484 [egg-security] use csrf middleware
2019-11-01 15:40:26,057 INFO 2484 [egg-security] use methodnoallow middleware
2019-11-01 15:40:26,057 INFO 2484 [egg-security] use noopen middleware
2019-11-01 15:40:26,057 INFO 2484 [egg-security] use nosniff middleware
2019-11-01 15:40:26,057 INFO 2484 [egg-security] use xssProtection middleware
2019-11-01 15:40:26,057 INFO 2484 [egg-security] use xframe middleware
2019-11-01 15:40:26,057 INFO 2484 [egg-security] use dta middleware
2019-11-01 15:40:26,057 INFO 2484 [egg-security] compose 7 middlewares into one security middleware
2019-11-01 15:40:26,067 INFO 2484 [egg:core] dump config after load, 0ms
2019-11-01 15:40:26,087 INFO 2484 [egg-watcher:application] watcher start success
2019-11-01 15:40:26,087 INFO 2484 [egg-mysql] instance[0] status OK, rds currentTime: Fri Nov 01 2019 15:40:26 GMT+0800 (中国标准时间)
2019-11-01 15:40:26,087 INFO 2484 [egg:core] dump config after ready, 0ms
2019-11-01 15:44:02,806 INFO 8876 [egg:logger] init all loggers with options: {"dir":"C:\\Users\\Administrator\\Desktop\\egg-demo\\logs\\egg-example","encoding":"utf8","env":"local","level":"INFO","consoleLevel":"INFO","disableConsoleAfterReady":false,"outputJSON":false,"buffer":true,"appLogName":"egg-example-web.log","coreLogName":"egg-web.log","agentLogName":"egg-agent.log","errorLogName":"common-error.log","coreLogger":{"consoleLevel":"WARN"},"allowDebugAtProd":false,"type":"application"}
2019-11-01 15:44:02,833 INFO 8876 [egg-multipart] stream mode enable
2019-11-01 15:44:02,834 INFO 8876 [egg-mysql] connecting root@127.0.0.1:3306/test
2019-11-01 15:44:02,928 INFO 8876 [egg-static] starting static serve /public/ -> C:\Users\Administrator\Desktop\egg-demo\app\public
2019-11-01 15:44:02,930 INFO 8876 [egg-security] use csrf middleware
2019-11-01 15:44:02,931 INFO 8876 [egg-security] use methodnoallow middleware
2019-11-01 15:44:02,932 INFO 8876 [egg-security] use noopen middleware
2019-11-01 15:44:02,932 INFO 8876 [egg-security] use nosniff middleware
2019-11-01 15:44:02,933 INFO 8876 [egg-security] use xssProtection middleware
2019-11-01 15:44:02,933 INFO 8876 [egg-security] use xframe middleware
2019-11-01 15:44:02,934 INFO 8876 [egg-security] use dta middleware
2019-11-01 15:44:02,934 INFO 8876 [egg-security] compose 7 middlewares into one security middleware
2019-11-01 15:44:02,947 INFO 8876 [egg:core] dump config after load, 7ms
2019-11-01 15:44:02,963 INFO 8876 [egg-watcher:application] watcher start success
2019-11-01 15:44:02,964 INFO 8876 [egg-mysql] instance[0] status OK, rds currentTime: Fri Nov 01 2019 15:44:02 GMT+0800 (中国标准时间)
2019-11-01 15:44:02,971 INFO 8876 [egg:core] dump config after ready, 5ms
2019-11-01 15:46:14,348 INFO 5220 [egg:logger] init all loggers with options: {"dir":"C:\\Users\\Administrator\\Desktop\\egg-demo\\logs\\egg-example","encoding":"utf8","env":"local","level":"INFO","consoleLevel":"INFO","disableConsoleAfterReady":false,"outputJSON":false,"buffer":true,"appLogName":"egg-example-web.log","coreLogName":"egg-web.log","agentLogName":"egg-agent.log","errorLogName":"common-error.log","coreLogger":{"consoleLevel":"WARN"},"allowDebugAtProd":false,"type":"application"}
2019-11-01 15:46:14,374 INFO 5220 [egg-multipart] stream mode enable
2019-11-01 15:46:14,374 INFO 5220 [egg-mysql] connecting root@127.0.0.1:3306/test
2019-11-01 15:46:14,464 INFO 5220 [egg-static] starting static serve /public/ -> C:\Users\Administrator\Desktop\egg-demo\app\public
2019-11-01 15:46:14,467 INFO 5220 [egg-security] use csrf middleware
2019-11-01 15:46:14,468 INFO 5220 [egg-security] use methodnoallow middleware
2019-11-01 15:46:14,468 INFO 5220 [egg-security] use noopen middleware
2019-11-01 15:46:14,469 INFO 5220 [egg-security] use nosniff middleware
2019-11-01 15:46:14,470 INFO 5220 [egg-security] use xssProtection middleware
2019-11-01 15:46:14,470 INFO 5220 [egg-security] use xframe middleware
2019-11-01 15:46:14,471 INFO 5220 [egg-security] use dta middleware
2019-11-01 15:46:14,471 INFO 5220 [egg-security] compose 7 middlewares into one security middleware
2019-11-01 15:46:14,482 INFO 5220 [egg:core] dump config after load, 6ms
2019-11-01 15:46:14,497 INFO 5220 [egg-watcher:application] watcher start success
2019-11-01 15:46:14,498 INFO 5220 [egg-mysql] instance[0] status OK, rds currentTime: Fri Nov 01 2019 15:46:14 GMT+0800 (中国标准时间)
2019-11-01 15:46:14,506 INFO 5220 [egg:core] dump config after ready, 5ms
2019-11-01 15:47:09,121 INFO 11456 [egg:logger] init all loggers with options: {"dir":"C:\\Users\\Administrator\\Desktop\\egg-demo\\logs\\egg-example","encoding":"utf8","env":"local","level":"INFO","consoleLevel":"INFO","disableConsoleAfterReady":false,"outputJSON":false,"buffer":true,"appLogName":"egg-example-web.log","coreLogName":"egg-web.log","agentLogName":"egg-agent.log","errorLogName":"common-error.log","coreLogger":{"consoleLevel":"WARN"},"allowDebugAtProd":false,"type":"application"}
2019-11-01 15:47:09,151 INFO 11456 [egg-multipart] stream mode enable
2019-11-01 15:47:09,151 INFO 11456 [egg-mysql] connecting root@127.0.0.1:3306/test
2019-11-01 15:47:09,251 INFO 11456 [egg-static] starting static serve /public/ -> C:\Users\Administrator\Desktop\egg-demo\app\public
2019-11-01 15:47:09,254 INFO 11456 [egg-security] use csrf middleware
2019-11-01 15:47:09,255 INFO 11456 [egg-security] use methodnoallow middleware
2019-11-01 15:47:09,256 INFO 11456 [egg-security] use noopen middleware
2019-11-01 15:47:09,257 INFO 11456 [egg-security] use nosniff middleware
2019-11-01 15:47:09,257 INFO 11456 [egg-security] use xssProtection middleware
2019-11-01 15:47:09,257 INFO 11456 [egg-security] use xframe middleware
2019-11-01 15:47:09,258 INFO 11456 [egg-security] use dta middleware
2019-11-01 15:47:09,258 INFO 11456 [egg-security] compose 7 middlewares into one security middleware
2019-11-01 15:47:09,270 INFO 11456 [egg:core] dump config after load, 5ms
2019-11-01 15:47:09,286 INFO 11456 [egg-watcher:application] watcher start success
2019-11-01 15:47:09,288 INFO 11456 [egg-mysql] instance[0] status OK, rds currentTime: Fri Nov 01 2019 15:47:09 GMT+0800 (中国标准时间)
2019-11-01 15:47:09,294 INFO 11456 [egg:core] dump config after ready, 5ms
2019-11-01 15:47:57,207 INFO 4512 [egg:logger] init all loggers with options: {"dir":"C:\\Users\\Administrator\\Desktop\\egg-demo\\logs\\egg-example","encoding":"utf8","env":"local","level":"INFO","consoleLevel":"INFO","disableConsoleAfterReady":false,"outputJSON":false,"buffer":true,"appLogName":"egg-example-web.log","coreLogName":"egg-web.log","agentLogName":"egg-agent.log","errorLogName":"common-error.log","coreLogger":{"consoleLevel":"WARN"},"allowDebugAtProd":false,"type":"application"}
2019-11-01 15:47:57,233 INFO 4512 [egg-multipart] stream mode enable
2019-11-01 15:47:57,233 INFO 4512 [egg-mysql] connecting root@127.0.0.1:3306/test
2019-11-01 15:47:57,332 INFO 4512 [egg-static] starting static serve /public/ -> C:\Users\Administrator\Desktop\egg-demo\app\public
2019-11-01 15:47:57,335 INFO 4512 [egg-security] use csrf middleware
2019-11-01 15:47:57,336 INFO 4512 [egg-security] use methodnoallow middleware
2019-11-01 15:47:57,336 INFO 4512 [egg-security] use noopen middleware
2019-11-01 15:47:57,337 INFO 4512 [egg-security] use nosniff middleware
2019-11-01 15:47:57,337 INFO 4512 [egg-security] use xssProtection middleware
2019-11-01 15:47:57,337 INFO 4512 [egg-security] use xframe middleware
2019-11-01 15:47:57,338 INFO 4512 [egg-security] use dta middleware
2019-11-01 15:47:57,338 INFO 4512 [egg-security] compose 7 middlewares into one security middleware
2019-11-01 15:47:57,350 INFO 4512 [egg:core] dump config after load, 6ms
2019-11-01 15:47:57,367 INFO 4512 [egg-watcher:application] watcher start success
2019-11-01 15:47:57,368 INFO 4512 [egg-mysql] instance[0] status OK, rds currentTime: Fri Nov 01 2019 15:47:57 GMT+0800 (中国标准时间)
2019-11-01 15:47:57,376 INFO 4512 [egg:core] dump config after ready, 6ms
2019-11-01 15:49:02,493 INFO 9740 [egg:logger] init all loggers with options: {"dir":"C:\\Users\\Administrator\\Desktop\\egg-demo\\logs\\egg-example","encoding":"utf8","env":"local","level":"INFO","consoleLevel":"INFO","disableConsoleAfterReady":false,"outputJSON":false,"buffer":true,"appLogName":"egg-example-web.log","coreLogName":"egg-web.log","agentLogName":"egg-agent.log","errorLogName":"common-error.log","coreLogger":{"consoleLevel":"WARN"},"allowDebugAtProd":false,"type":"application"}
2019-11-01 15:49:02,519 INFO 9740 [egg-multipart] stream mode enable
2019-11-01 15:49:02,519 INFO 9740 [egg-mysql] connecting root@127.0.0.1:3306/test
2019-11-01 15:49:02,615 INFO 9740 [egg-static] starting static serve /public/ -> C:\Users\Administrator\Desktop\egg-demo\app\public
2019-11-01 15:49:02,618 INFO 9740 [egg-security] use csrf middleware
2019-11-01 15:49:02,618 INFO 9740 [egg-security] use methodnoallow middleware
2019-11-01 15:49:02,619 INFO 9740 [egg-security] use noopen middleware
2019-11-01 15:49:02,619 INFO 9740 [egg-security] use nosniff middleware
2019-11-01 15:49:02,620 INFO 9740 [egg-security] use xssProtection middleware
2019-11-01 15:49:02,620 INFO 9740 [egg-security] use xframe middleware
2019-11-01 15:49:02,621 INFO 9740 [egg-security] use dta middleware
2019-11-01 15:49:02,621 INFO 9740 [egg-security] compose 7 middlewares into one security middleware
2019-11-01 15:49:02,632 INFO 9740 [egg:core] dump config after load, 6ms
2019-11-01 15:49:02,650 INFO 9740 [egg-watcher:application] watcher start success
2019-11-01 15:49:02,652 INFO 9740 [egg-mysql] instance[0] status OK, rds currentTime: Fri Nov 01 2019 15:49:02 GMT+0800 (中国标准时间)
2019-11-01 15:49:02,659 INFO 9740 [egg:core] dump config after ready, 6ms
2019-11-01 15:50:48,755 INFO 9540 [egg:logger] init all loggers with options: {"dir":"C:\\Users\\Administrator\\Desktop\\egg-demo\\logs\\egg-example","encoding":"utf8","env":"local","level":"INFO","consoleLevel":"INFO","disableConsoleAfterReady":false,"outputJSON":false,"buffer":true,"appLogName":"egg-example-web.log","coreLogName":"egg-web.log","agentLogName":"egg-agent.log","errorLogName":"common-error.log","coreLogger":{"consoleLevel":"WARN"},"allowDebugAtProd":false,"type":"application"}
2019-11-01 15:50:48,780 INFO 9540 [egg-multipart] stream mode enable
2019-11-01 15:50:48,781 INFO 9540 [egg-mysql] connecting root@127.0.0.1:3306/test
2019-11-01 15:50:48,876 INFO 9540 [egg-static] starting static serve /public/ -> C:\Users\Administrator\Desktop\egg-demo\app\public
2019-11-01 15:50:48,879 INFO 9540 [egg-security] use csrf middleware
2019-11-01 15:50:48,880 INFO 9540 [egg-security] use methodnoallow middleware
2019-11-01 15:50:48,880 INFO 9540 [egg-security] use noopen middleware
2019-11-01 15:50:48,881 INFO 9540 [egg-security] use nosniff middleware
2019-11-01 15:50:48,881 INFO 9540 [egg-security] use xssProtection middleware
2019-11-01 15:50:48,882 INFO 9540 [egg-security] use xframe middleware
2019-11-01 15:50:48,883 INFO 9540 [egg-security] use dta middleware
2019-11-01 15:50:48,883 INFO 9540 [egg-security] compose 7 middlewares into one security middleware
2019-11-01 15:50:48,893 INFO 9540 [egg:core] dump config after load, 6ms
2019-11-01 15:50:48,910 INFO 9540 [egg-watcher:application] watcher start success
2019-11-01 15:50:48,911 INFO 9540 [egg-mysql] instance[0] status OK, rds currentTime: Fri Nov 01 2019 15:50:48 GMT+0800 (中国标准时间)
2019-11-01 15:50:48,918 INFO 9540 [egg:core] dump config after ready, 5ms
2019-11-01 15:51:49,601 INFO 5300 [egg:logger] init all loggers with options: {"dir":"C:\\Users\\Administrator\\Desktop\\egg-demo\\logs\\egg-example","encoding":"utf8","env":"local","level":"INFO","consoleLevel":"INFO","disableConsoleAfterReady":false,"outputJSON":false,"buffer":true,"appLogName":"egg-example-web.log","coreLogName":"egg-web.log","agentLogName":"egg-agent.log","errorLogName":"common-error.log","coreLogger":{"consoleLevel":"WARN"},"allowDebugAtProd":false,"type":"application"}
2019-11-01 15:51:49,632 INFO 5300 [egg-multipart] stream mode enable
2019-11-01 15:51:49,632 INFO 5300 [egg-mysql] connecting root@127.0.0.1:3306/test
2019-11-01 15:51:49,729 INFO 5300 [egg-static] starting static serve /public/ -> C:\Users\Administrator\Desktop\egg-demo\app\public
2019-11-01 15:51:49,732 INFO 5300 [egg-security] use csrf middleware
2019-11-01 15:51:49,733 INFO 5300 [egg-security] use methodnoallow middleware
2019-11-01 15:51:49,733 INFO 5300 [egg-security] use noopen middleware
2019-11-01 15:51:49,734 INFO 5300 [egg-security] use nosniff middleware
2019-11-01 15:51:49,734 INFO 5300 [egg-security] use xssProtection middleware
2019-11-01 15:51:49,734 INFO 5300 [egg-security] use xframe middleware
2019-11-01 15:51:49,735 INFO 5300 [egg-security] use dta middleware
2019-11-01 15:51:49,735 INFO 5300 [egg-security] compose 7 middlewares into one security middleware
2019-11-01 15:51:49,745 INFO 5300 [egg:core] dump config after load, 6ms
2019-11-01 15:51:49,761 INFO 5300 [egg-watcher:application] watcher start success
2019-11-01 15:51:49,763 INFO 5300 [egg-mysql] instance[0] status OK, rds currentTime: Fri Nov 01 2019 15:51:49 GMT+0800 (中国标准时间)
2019-11-01 15:51:49,770 INFO 5300 [egg:core] dump config after ready, 6ms
2019-11-01 15:56:36,167 INFO 11332 [egg:logger] init all loggers with options: {"dir":"C:\\Users\\Administrator\\Desktop\\egg-demo\\logs\\egg-example","encoding":"utf8","env":"local","level":"INFO","consoleLevel":"INFO","disableConsoleAfterReady":false,"outputJSON":false,"buffer":true,"appLogName":"egg-example-web.log","coreLogName":"egg-web.log","agentLogName":"egg-agent.log","errorLogName":"common-error.log","coreLogger":{"consoleLevel":"WARN"},"allowDebugAtProd":false,"type":"application"}
2019-11-01 15:56:36,194 INFO 11332 [egg-multipart] stream mode enable
2019-11-01 15:56:36,194 INFO 11332 [egg-mysql] connecting root@127.0.0.1:3306/test
2019-11-01 15:56:36,291 INFO 11332 [egg-static] starting static serve /public/ -> C:\Users\Administrator\Desktop\egg-demo\app\public
2019-11-01 15:56:36,294 INFO 11332 [egg-security] use csrf middleware
2019-11-01 15:56:36,294 INFO 11332 [egg-security] use methodnoallow middleware
2019-11-01 15:56:36,295 INFO 11332 [egg-security] use noopen middleware
2019-11-01 15:56:36,295 INFO 11332 [egg-security] use nosniff middleware
2019-11-01 15:56:36,296 INFO 11332 [egg-security] use xssProtection middleware
2019-11-01 15:56:36,296 INFO 11332 [egg-security] use xframe middleware
2019-11-01 15:56:36,297 INFO 11332 [egg-security] use dta middleware
2019-11-01 15:56:36,297 INFO 11332 [egg-security] compose 7 middlewares into one security middleware
2019-11-01 15:56:36,308 INFO 11332 [egg:core] dump config after load, 6ms
2019-11-01 15:56:36,325 INFO 11332 [egg-watcher:application] watcher start success
2019-11-01 15:56:36,326 INFO 11332 [egg-mysql] instance[0] status OK, rds currentTime: Fri Nov 01 2019 15:56:36 GMT+0800 (中国标准时间)
2019-11-01 15:56:36,333 INFO 11332 [egg:core] dump config after ready, 5ms
2019-11-01 16:08:47,112 INFO 5036 [egg:logger] init all loggers with options: {"dir":"C:\\Users\\Administrator\\Desktop\\egg-demo\\logs\\egg-example","encoding":"utf8","env":"local","level":"INFO","consoleLevel":"INFO","disableConsoleAfterReady":false,"outputJSON":false,"buffer":true,"appLogName":"egg-example-web.log","coreLogName":"egg-web.log","agentLogName":"egg-agent.log","errorLogName":"common-error.log","coreLogger":{"consoleLevel":"WARN"},"allowDebugAtProd":false,"type":"application"}
2019-11-01 16:08:47,139 INFO 5036 [egg-multipart] stream mode enable
2019-11-01 16:08:47,140 INFO 5036 [egg-mysql] connecting root@127.0.0.1:3306/test
2019-11-01 16:08:47,236 INFO 5036 [egg-static] starting static serve /public/ -> C:\Users\Administrator\Desktop\egg-demo\app\public
2019-11-01 16:08:47,239 INFO 5036 [egg-security] use csrf middleware
2019-11-01 16:08:47,240 INFO 5036 [egg-security] use methodnoallow middleware
2019-11-01 16:08:47,240 INFO 5036 [egg-security] use noopen middleware
2019-11-01 16:08:47,241 INFO 5036 [egg-security] use nosniff middleware
2019-11-01 16:08:47,241 INFO 5036 [egg-security] use xssProtection middleware
2019-11-01 16:08:47,241 INFO 5036 [egg-security] use xframe middleware
2019-11-01 16:08:47,242 INFO 5036 [egg-security] use dta middleware
2019-11-01 16:08:47,242 INFO 5036 [egg-security] compose 7 middlewares into one security middleware
2019-11-01 16:08:47,253 INFO 5036 [egg:core] dump config after load, 7ms
2019-11-01 16:08:47,268 INFO 5036 [egg-watcher:application] watcher start success
2019-11-01 16:08:47,269 INFO 5036 [egg-mysql] instance[0] status OK, rds currentTime: Fri Nov 01 2019 16:08:47 GMT+0800 (中国标准时间)
2019-11-01 16:08:47,276 INFO 5036 [egg:core] dump config after ready, 5ms
2019-11-01 16:09:56,284 INFO 7708 [egg:logger] init all loggers with options: {"dir":"C:\\Users\\Administrator\\Desktop\\egg-demo\\logs\\egg-example","encoding":"utf8","env":"local","level":"INFO","consoleLevel":"INFO","disableConsoleAfterReady":false,"outputJSON":false,"buffer":true,"appLogName":"egg-example-web.log","coreLogName":"egg-web.log","agentLogName":"egg-agent.log","errorLogName":"common-error.log","coreLogger":{"consoleLevel":"WARN"},"allowDebugAtProd":false,"type":"application"}
2019-11-01 16:09:56,310 INFO 7708 [egg-multipart] stream mode enable
2019-11-01 16:09:56,310 INFO 7708 [egg-mysql] connecting root@127.0.0.1:3306/test
2019-11-01 16:09:56,412 INFO 7708 [egg-static] starting static serve /public/ -> C:\Users\Administrator\Desktop\egg-demo\app\public
2019-11-01 16:09:56,415 INFO 7708 [egg-security] use csrf middleware
2019-11-01 16:09:56,416 INFO 7708 [egg-security] use methodnoallow middleware
2019-11-01 16:09:56,416 INFO 7708 [egg-security] use noopen middleware
2019-11-01 16:09:56,417 INFO 7708 [egg-security] use nosniff middleware
2019-11-01 16:09:56,417 INFO 7708 [egg-security] use xssProtection middleware
2019-11-01 16:09:56,417 INFO 7708 [egg-security] use xframe middleware
2019-11-01 16:09:56,418 INFO 7708 [egg-security] use dta middleware
2019-11-01 16:09:56,418 INFO 7708 [egg-security] compose 7 middlewares into one security middleware
2019-11-01 16:09:56,428 INFO 7708 [egg:core] dump config after load, 6ms
2019-11-01 16:09:56,444 INFO 7708 [egg-watcher:application] watcher start success
2019-11-01 16:09:56,445 INFO 7708 [egg-mysql] instance[0] status OK, rds currentTime: Fri Nov 01 2019 16:09:56 GMT+0800 (中国标准时间)
2019-11-01 16:09:56,453 INFO 7708 [egg:core] dump config after ready, 5ms
2019-11-01 16:10:00,727 INFO 7952 [egg:logger] init all loggers with options: {"dir":"C:\\Users\\Administrator\\Desktop\\egg-demo\\logs\\egg-example","encoding":"utf8","env":"local","level":"INFO","consoleLevel":"INFO","disableConsoleAfterReady":false,"outputJSON":false,"buffer":true,"appLogName":"egg-example-web.log","coreLogName":"egg-web.log","agentLogName":"egg-agent.log","errorLogName":"common-error.log","coreLogger":{"consoleLevel":"WARN"},"allowDebugAtProd":false,"type":"application"}
2019-11-01 16:10:00,753 INFO 7952 [egg-multipart] stream mode enable
2019-11-01 16:10:00,753 INFO 7952 [egg-mysql] connecting root@127.0.0.1:3306/test
2019-11-01 16:10:00,855 INFO 7952 [egg-static] starting static serve /public/ -> C:\Users\Administrator\Desktop\egg-demo\app\public
2019-11-01 16:10:00,858 INFO 7952 [egg-security] use csrf middleware
2019-11-01 16:10:00,859 INFO 7952 [egg-security] use methodnoallow middleware
2019-11-01 16:10:00,859 INFO 7952 [egg-security] use noopen middleware
2019-11-01 16:10:00,860 INFO 7952 [egg-security] use nosniff middleware
2019-11-01 16:10:00,861 INFO 7952 [egg-security] use xssProtection middleware
2019-11-01 16:10:00,861 INFO 7952 [egg-security] use xframe middleware
2019-11-01 16:10:00,862 INFO 7952 [egg-security] use dta middleware
2019-11-01 16:10:00,862 INFO 7952 [egg-security] compose 7 middlewares into one security middleware
2019-11-01 16:10:00,873 INFO 7952 [egg:core] dump config after load, 6ms
2019-11-01 16:10:00,890 INFO 7952 [egg-watcher:application] watcher start success
2019-11-01 16:10:00,891 INFO 7952 [egg-mysql] instance[0] status OK, rds currentTime: Fri Nov 01 2019 16:10:00 GMT+0800 (中国标准时间)
2019-11-01 16:10:00,899 INFO 7952 [egg:core] dump config after ready, 6ms
2019-11-01 16:10:13,043 INFO 5552 [egg:logger] init all loggers with options: {"dir":"C:\\Users\\Administrator\\Desktop\\egg-demo\\logs\\egg-example","encoding":"utf8","env":"local","level":"INFO","consoleLevel":"INFO","disableConsoleAfterReady":false,"outputJSON":false,"buffer":true,"appLogName":"egg-example-web.log","coreLogName":"egg-web.log","agentLogName":"egg-agent.log","errorLogName":"common-error.log","coreLogger":{"consoleLevel":"WARN"},"allowDebugAtProd":false,"type":"application"}
2019-11-01 16:10:13,068 INFO 5552 [egg-multipart] stream mode enable
2019-11-01 16:10:13,069 INFO 5552 [egg-mysql] connecting root@127.0.0.1:3306/test
2019-11-01 16:10:13,171 INFO 5552 [egg-static] starting static serve /public/ -> C:\Users\Administrator\Desktop\egg-demo\app\public
2019-11-01 16:10:13,174 INFO 5552 [egg-security] use csrf middleware
2019-11-01 16:10:13,174 INFO 5552 [egg-security] use methodnoallow middleware
2019-11-01 16:10:13,175 INFO 5552 [egg-security] use noopen middleware
2019-11-01 16:10:13,176 INFO 5552 [egg-security] use nosniff middleware
2019-11-01 16:10:13,176 INFO 5552 [egg-security] use xssProtection middleware
2019-11-01 16:10:13,176 INFO 5552 [egg-security] use xframe middleware
2019-11-01 16:10:13,177 INFO 5552 [egg-security] use dta middleware
2019-11-01 16:10:13,177 INFO 5552 [egg-security] compose 7 middlewares into one security middleware
2019-11-01 16:10:13,189 INFO 5552 [egg:core] dump config after load, 6ms
2019-11-01 16:10:13,205 INFO 5552 [egg-watcher:application] watcher start success
2019-11-01 16:10:13,206 INFO 5552 [egg-mysql] instance[0] status OK, rds currentTime: Fri Nov 01 2019 16:10:13 GMT+0800 (中国标准时间)
2019-11-01 16:10:13,214 INFO 5552 [egg:core] dump config after ready, 6ms
