2019-11-01 16:29:38,806 INFO 6624 [Timer] C:\Users\Administrator\Desktop\egg-reptile\node_modules\egg-multipart\app\schedule\clean_tmpdir.js next time will execute after 43221196ms at 2019-11-02 04:30:00.002
2019-11-01 16:29:38,807 INFO 6624 [Timer] C:\Users\Administrator\Desktop\egg-reptile\node_modules\egg-logrotator\app\schedule\clean_log.js next time will execute after 27021193ms at 2019-11-02 00:00:00.000
2019-11-01 16:29:38,807 INFO 6624 [Timer] C:\Users\Administrator\Desktop\egg-reptile\node_modules\egg-logrotator\app\schedule\rotate_by_file.js next time will execute after 27022193ms at 2019-11-02 00:00:01.000
2019-11-01 16:29:38,717 INFO 5220 [egg-schedule]: register schedule C:\Users\Administrator\Desktop\egg-reptile\node_modules\egg-multipart\app\schedule\clean_tmpdir.js
2019-11-01 16:29:38,717 INFO 5220 [egg-schedule]: register schedule C:\Users\Administrator\Desktop\egg-reptile\node_modules\egg-logrotator\app\schedule\clean_log.js
2019-11-01 16:29:38,717 INFO 5220 [egg-schedule]: register schedule C:\Users\Administrator\Desktop\egg-reptile\node_modules\egg-logrotator\app\schedule\rotate_by_file.js
2019-11-01 16:30:53,135 INFO 12468 [egg-schedule]: register schedule C:\Users\Administrator\Desktop\egg-reptile\node_modules\egg-multipart\app\schedule\clean_tmpdir.js
2019-11-01 16:30:53,135 INFO 12468 [egg-schedule]: register schedule C:\Users\Administrator\Desktop\egg-reptile\node_modules\egg-logrotator\app\schedule\clean_log.js
2019-11-01 16:30:53,135 INFO 12468 [egg-schedule]: register schedule C:\Users\Administrator\Desktop\egg-reptile\node_modules\egg-logrotator\app\schedule\rotate_by_file.js
2019-11-01 16:33:15,194 INFO 6128 [Timer] C:\Users\Administrator\Desktop\egg-reptile\node_modules\egg-multipart\app\schedule\clean_tmpdir.js next time will execute after 43004808ms at 2019-11-02 04:30:00.002
2019-11-01 16:33:15,194 INFO 6128 [Timer] C:\Users\Administrator\Desktop\egg-reptile\node_modules\egg-logrotator\app\schedule\clean_log.js next time will execute after 26804806ms at 2019-11-02 00:00:00.000
2019-11-01 16:33:15,195 INFO 6128 [Timer] C:\Users\Administrator\Desktop\egg-reptile\node_modules\egg-logrotator\app\schedule\rotate_by_file.js next time will execute after 26805806ms at 2019-11-02 00:00:01.001
2019-11-01 16:33:15,094 INFO 13308 [egg-schedule]: register schedule C:\Users\Administrator\Desktop\egg-reptile\node_modules\egg-multipart\app\schedule\clean_tmpdir.js
2019-11-01 16:33:15,094 INFO 13308 [egg-schedule]: register schedule C:\Users\Administrator\Desktop\egg-reptile\node_modules\egg-logrotator\app\schedule\clean_log.js
2019-11-01 16:33:15,094 INFO 13308 [egg-schedule]: register schedule C:\Users\Administrator\Desktop\egg-reptile\node_modules\egg-logrotator\app\schedule\rotate_by_file.js
2019-11-01 16:33:34,265 INFO 1068 [egg-schedule]: register schedule C:\Users\Administrator\Desktop\egg-reptile\node_modules\egg-multipart\app\schedule\clean_tmpdir.js
2019-11-01 16:33:34,265 INFO 1068 [egg-schedule]: register schedule C:\Users\Administrator\Desktop\egg-reptile\node_modules\egg-logrotator\app\schedule\clean_log.js
2019-11-01 16:33:34,265 INFO 1068 [egg-schedule]: register schedule C:\Users\Administrator\Desktop\egg-reptile\node_modules\egg-logrotator\app\schedule\rotate_by_file.js
2019-11-01 16:33:47,569 INFO 4916 [egg-schedule]: register schedule C:\Users\Administrator\Desktop\egg-reptile\node_modules\egg-multipart\app\schedule\clean_tmpdir.js
2019-11-01 16:33:47,569 INFO 4916 [egg-schedule]: register schedule C:\Users\Administrator\Desktop\egg-reptile\node_modules\egg-logrotator\app\schedule\clean_log.js
2019-11-01 16:33:47,570 INFO 4916 [egg-schedule]: register schedule C:\Users\Administrator\Desktop\egg-reptile\node_modules\egg-logrotator\app\schedule\rotate_by_file.js
2019-11-01 16:35:56,761 INFO 9624 [egg-schedule]: register schedule C:\Users\Administrator\Desktop\egg-reptile\node_modules\egg-multipart\app\schedule\clean_tmpdir.js
2019-11-01 16:35:56,761 INFO 9624 [egg-schedule]: register schedule C:\Users\Administrator\Desktop\egg-reptile\node_modules\egg-logrotator\app\schedule\clean_log.js
2019-11-01 16:35:56,761 INFO 9624 [egg-schedule]: register schedule C:\Users\Administrator\Desktop\egg-reptile\node_modules\egg-logrotator\app\schedule\rotate_by_file.js
2019-11-01 16:36:43,696 INFO 9944 [egg-schedule]: register schedule C:\Users\Administrator\Desktop\egg-reptile\node_modules\egg-multipart\app\schedule\clean_tmpdir.js
2019-11-01 16:36:43,696 INFO 9944 [egg-schedule]: register schedule C:\Users\Administrator\Desktop\egg-reptile\node_modules\egg-logrotator\app\schedule\clean_log.js
2019-11-01 16:36:43,696 INFO 9944 [egg-schedule]: register schedule C:\Users\Administrator\Desktop\egg-reptile\node_modules\egg-logrotator\app\schedule\rotate_by_file.js
2019-11-01 16:37:12,237 INFO 5860 [egg-schedule]: register schedule C:\Users\Administrator\Desktop\egg-reptile\node_modules\egg-multipart\app\schedule\clean_tmpdir.js
2019-11-01 16:37:12,237 INFO 5860 [egg-schedule]: register schedule C:\Users\Administrator\Desktop\egg-reptile\node_modules\egg-logrotator\app\schedule\clean_log.js
2019-11-01 16:37:12,237 INFO 5860 [egg-schedule]: register schedule C:\Users\Administrator\Desktop\egg-reptile\node_modules\egg-logrotator\app\schedule\rotate_by_file.js
2019-11-01 16:37:21,670 INFO 6348 [egg-schedule]: register schedule C:\Users\Administrator\Desktop\egg-reptile\node_modules\egg-multipart\app\schedule\clean_tmpdir.js
2019-11-01 16:37:21,670 INFO 6348 [egg-schedule]: register schedule C:\Users\Administrator\Desktop\egg-reptile\node_modules\egg-logrotator\app\schedule\clean_log.js
2019-11-01 16:37:21,670 INFO 6348 [egg-schedule]: register schedule C:\Users\Administrator\Desktop\egg-reptile\node_modules\egg-logrotator\app\schedule\rotate_by_file.js
2019-11-01 16:37:59,678 INFO 8316 [egg-schedule]: register schedule C:\Users\Administrator\Desktop\egg-reptile\node_modules\egg-multipart\app\schedule\clean_tmpdir.js
2019-11-01 16:37:59,678 INFO 8316 [egg-schedule]: register schedule C:\Users\Administrator\Desktop\egg-reptile\node_modules\egg-logrotator\app\schedule\clean_log.js
2019-11-01 16:37:59,678 INFO 8316 [egg-schedule]: register schedule C:\Users\Administrator\Desktop\egg-reptile\node_modules\egg-logrotator\app\schedule\rotate_by_file.js
2019-11-01 16:40:01,747 INFO 12104 [egg-schedule]: register schedule C:\Users\Administrator\Desktop\egg-reptile\node_modules\egg-multipart\app\schedule\clean_tmpdir.js
2019-11-01 16:40:01,747 INFO 12104 [egg-schedule]: register schedule C:\Users\Administrator\Desktop\egg-reptile\node_modules\egg-logrotator\app\schedule\clean_log.js
2019-11-01 16:40:01,747 INFO 12104 [egg-schedule]: register schedule C:\Users\Administrator\Desktop\egg-reptile\node_modules\egg-logrotator\app\schedule\rotate_by_file.js
2019-11-01 16:40:22,236 INFO 7496 [egg-schedule]: register schedule C:\Users\Administrator\Desktop\egg-reptile\node_modules\egg-multipart\app\schedule\clean_tmpdir.js
2019-11-01 16:40:22,236 INFO 7496 [egg-schedule]: register schedule C:\Users\Administrator\Desktop\egg-reptile\node_modules\egg-logrotator\app\schedule\clean_log.js
2019-11-01 16:40:22,236 INFO 7496 [egg-schedule]: register schedule C:\Users\Administrator\Desktop\egg-reptile\node_modules\egg-logrotator\app\schedule\rotate_by_file.js
2019-11-01 16:40:31,582 INFO 8392 [Timer] C:\Users\Administrator\Desktop\egg-reptile\node_modules\egg-multipart\app\schedule\clean_tmpdir.js next time will execute after 42568421ms at 2019-11-02 04:30:00.003
2019-11-01 16:40:31,582 INFO 8392 [Timer] C:\Users\Administrator\Desktop\egg-reptile\node_modules\egg-logrotator\app\schedule\clean_log.js next time will execute after 26368418ms at 2019-11-02 00:00:00.000
2019-11-01 16:40:31,582 INFO 8392 [Timer] C:\Users\Administrator\Desktop\egg-reptile\node_modules\egg-logrotator\app\schedule\rotate_by_file.js next time will execute after 26369418ms at 2019-11-02 00:00:01.000
2019-11-01 16:40:31,479 INFO 7760 [egg-schedule]: register schedule C:\Users\Administrator\Desktop\egg-reptile\node_modules\egg-multipart\app\schedule\clean_tmpdir.js
2019-11-01 16:40:31,479 INFO 7760 [egg-schedule]: register schedule C:\Users\Administrator\Desktop\egg-reptile\node_modules\egg-logrotator\app\schedule\clean_log.js
2019-11-01 16:40:31,479 INFO 7760 [egg-schedule]: register schedule C:\Users\Administrator\Desktop\egg-reptile\node_modules\egg-logrotator\app\schedule\rotate_by_file.js
2019-11-01 16:41:54,956 INFO 11980 [Timer] C:\Users\Administrator\Desktop\egg-reptile\node_modules\egg-multipart\app\schedule\clean_tmpdir.js next time will execute after 42485046ms at 2019-11-02 04:30:00.002
2019-11-01 16:41:54,956 INFO 11980 [Timer] C:\Users\Administrator\Desktop\egg-reptile\node_modules\egg-logrotator\app\schedule\clean_log.js next time will execute after 26285044ms at 2019-11-02 00:00:00.000
2019-11-01 16:41:54,956 INFO 11980 [Timer] C:\Users\Administrator\Desktop\egg-reptile\node_modules\egg-logrotator\app\schedule\rotate_by_file.js next time will execute after 26286044ms at 2019-11-02 00:00:01.000
2019-11-01 16:41:54,856 INFO 9212 [egg-schedule]: register schedule C:\Users\Administrator\Desktop\egg-reptile\node_modules\egg-multipart\app\schedule\clean_tmpdir.js
2019-11-01 16:41:54,856 INFO 9212 [egg-schedule]: register schedule C:\Users\Administrator\Desktop\egg-reptile\node_modules\egg-logrotator\app\schedule\clean_log.js
2019-11-01 16:41:54,856 INFO 9212 [egg-schedule]: register schedule C:\Users\Administrator\Desktop\egg-reptile\node_modules\egg-logrotator\app\schedule\rotate_by_file.js
2019-11-01 16:44:16,434 INFO 5280 [egg-schedule]: register schedule C:\Users\Administrator\Desktop\egg-reptile\node_modules\egg-multipart\app\schedule\clean_tmpdir.js
2019-11-01 16:44:16,434 INFO 5280 [egg-schedule]: register schedule C:\Users\Administrator\Desktop\egg-reptile\node_modules\egg-logrotator\app\schedule\clean_log.js
2019-11-01 16:44:16,434 INFO 5280 [egg-schedule]: register schedule C:\Users\Administrator\Desktop\egg-reptile\node_modules\egg-logrotator\app\schedule\rotate_by_file.js
2019-11-01 16:45:56,690 INFO 10160 [egg-schedule]: register schedule C:\Users\Administrator\Desktop\egg-reptile\node_modules\egg-multipart\app\schedule\clean_tmpdir.js
2019-11-01 16:45:56,690 INFO 10160 [egg-schedule]: register schedule C:\Users\Administrator\Desktop\egg-reptile\node_modules\egg-logrotator\app\schedule\clean_log.js
2019-11-01 16:45:56,690 INFO 10160 [egg-schedule]: register schedule C:\Users\Administrator\Desktop\egg-reptile\node_modules\egg-logrotator\app\schedule\rotate_by_file.js
2019-11-01 16:47:20,356 INFO 11252 [egg-schedule]: register schedule C:\Users\Administrator\Desktop\egg-reptile\node_modules\egg-multipart\app\schedule\clean_tmpdir.js
2019-11-01 16:47:20,356 INFO 11252 [egg-schedule]: register schedule C:\Users\Administrator\Desktop\egg-reptile\node_modules\egg-logrotator\app\schedule\clean_log.js
2019-11-01 16:47:20,357 INFO 11252 [egg-schedule]: register schedule C:\Users\Administrator\Desktop\egg-reptile\node_modules\egg-logrotator\app\schedule\rotate_by_file.js
2019-11-01 16:52:04,306 INFO 12236 [egg-schedule]: register schedule C:\Users\Administrator\Desktop\egg-reptile\node_modules\egg-multipart\app\schedule\clean_tmpdir.js
2019-11-01 16:52:04,306 INFO 12236 [egg-schedule]: register schedule C:\Users\Administrator\Desktop\egg-reptile\node_modules\egg-logrotator\app\schedule\clean_log.js
2019-11-01 16:52:04,306 INFO 12236 [egg-schedule]: register schedule C:\Users\Administrator\Desktop\egg-reptile\node_modules\egg-logrotator\app\schedule\rotate_by_file.js
2019-11-01 16:52:05,456 INFO 11700 [egg-schedule]: register schedule C:\Users\Administrator\Desktop\egg-reptile\node_modules\egg-multipart\app\schedule\clean_tmpdir.js
2019-11-01 16:52:05,456 INFO 11700 [egg-schedule]: register schedule C:\Users\Administrator\Desktop\egg-reptile\node_modules\egg-logrotator\app\schedule\clean_log.js
2019-11-01 16:52:05,456 INFO 11700 [egg-schedule]: register schedule C:\Users\Administrator\Desktop\egg-reptile\node_modules\egg-logrotator\app\schedule\rotate_by_file.js
2019-11-01 16:56:29,456 INFO 6136 [egg-schedule]: register schedule C:\Users\Administrator\Desktop\egg-reptile\node_modules\egg-multipart\app\schedule\clean_tmpdir.js
2019-11-01 16:56:29,456 INFO 6136 [egg-schedule]: register schedule C:\Users\Administrator\Desktop\egg-reptile\node_modules\egg-logrotator\app\schedule\clean_log.js
2019-11-01 16:56:29,456 INFO 6136 [egg-schedule]: register schedule C:\Users\Administrator\Desktop\egg-reptile\node_modules\egg-logrotator\app\schedule\rotate_by_file.js
2019-11-01 16:56:35,066 INFO 7928 [egg-schedule]: register schedule C:\Users\Administrator\Desktop\egg-reptile\node_modules\egg-multipart\app\schedule\clean_tmpdir.js
2019-11-01 16:56:35,066 INFO 7928 [egg-schedule]: register schedule C:\Users\Administrator\Desktop\egg-reptile\node_modules\egg-logrotator\app\schedule\clean_log.js
2019-11-01 16:56:35,066 INFO 7928 [egg-schedule]: register schedule C:\Users\Administrator\Desktop\egg-reptile\node_modules\egg-logrotator\app\schedule\rotate_by_file.js
2019-11-01 16:57:05,686 INFO 5140 [egg-schedule]: register schedule C:\Users\Administrator\Desktop\egg-reptile\node_modules\egg-multipart\app\schedule\clean_tmpdir.js
2019-11-01 16:57:05,686 INFO 5140 [egg-schedule]: register schedule C:\Users\Administrator\Desktop\egg-reptile\node_modules\egg-logrotator\app\schedule\clean_log.js
2019-11-01 16:57:05,686 INFO 5140 [egg-schedule]: register schedule C:\Users\Administrator\Desktop\egg-reptile\node_modules\egg-logrotator\app\schedule\rotate_by_file.js
2019-11-01 16:57:19,756 INFO 9308 [egg-schedule]: register schedule C:\Users\Administrator\Desktop\egg-reptile\node_modules\egg-multipart\app\schedule\clean_tmpdir.js
2019-11-01 16:57:19,756 INFO 9308 [egg-schedule]: register schedule C:\Users\Administrator\Desktop\egg-reptile\node_modules\egg-logrotator\app\schedule\clean_log.js
2019-11-01 16:57:19,756 INFO 9308 [egg-schedule]: register schedule C:\Users\Administrator\Desktop\egg-reptile\node_modules\egg-logrotator\app\schedule\rotate_by_file.js
2019-11-01 16:58:38,715 INFO 6420 [egg-schedule]: register schedule C:\Users\Administrator\Desktop\egg-reptile\node_modules\egg-multipart\app\schedule\clean_tmpdir.js
2019-11-01 16:58:38,715 INFO 6420 [egg-schedule]: register schedule C:\Users\Administrator\Desktop\egg-reptile\node_modules\egg-logrotator\app\schedule\clean_log.js
2019-11-01 16:58:38,715 INFO 6420 [egg-schedule]: register schedule C:\Users\Administrator\Desktop\egg-reptile\node_modules\egg-logrotator\app\schedule\rotate_by_file.js
2019-11-01 17:00:52,582 INFO 5020 [egg-schedule]: register schedule C:\Users\Administrator\Desktop\egg-reptile\node_modules\egg-multipart\app\schedule\clean_tmpdir.js
2019-11-01 17:00:52,582 INFO 5020 [egg-schedule]: register schedule C:\Users\Administrator\Desktop\egg-reptile\node_modules\egg-logrotator\app\schedule\clean_log.js
2019-11-01 17:00:52,582 INFO 5020 [egg-schedule]: register schedule C:\Users\Administrator\Desktop\egg-reptile\node_modules\egg-logrotator\app\schedule\rotate_by_file.js
2019-11-01 17:08:07,758 INFO 1388 [egg-schedule]: register schedule C:\Users\Administrator\Desktop\egg-reptile\node_modules\egg-multipart\app\schedule\clean_tmpdir.js
2019-11-01 17:08:07,758 INFO 1388 [egg-schedule]: register schedule C:\Users\Administrator\Desktop\egg-reptile\node_modules\egg-logrotator\app\schedule\clean_log.js
2019-11-01 17:08:07,758 INFO 1388 [egg-schedule]: register schedule C:\Users\Administrator\Desktop\egg-reptile\node_modules\egg-logrotator\app\schedule\rotate_by_file.js
2019-11-01 17:11:28,772 INFO 10844 [egg-schedule]: register schedule C:\Users\Administrator\Desktop\egg-reptile\node_modules\egg-multipart\app\schedule\clean_tmpdir.js
2019-11-01 17:11:28,772 INFO 10844 [egg-schedule]: register schedule C:\Users\Administrator\Desktop\egg-reptile\node_modules\egg-logrotator\app\schedule\clean_log.js
2019-11-01 17:11:28,772 INFO 10844 [egg-schedule]: register schedule C:\Users\Administrator\Desktop\egg-reptile\node_modules\egg-logrotator\app\schedule\rotate_by_file.js
2019-11-01 17:11:59,307 INFO 10784 [egg-schedule]: register schedule C:\Users\Administrator\Desktop\egg-reptile\node_modules\egg-multipart\app\schedule\clean_tmpdir.js
2019-11-01 17:11:59,307 INFO 10784 [egg-schedule]: register schedule C:\Users\Administrator\Desktop\egg-reptile\node_modules\egg-logrotator\app\schedule\clean_log.js
2019-11-01 17:11:59,307 INFO 10784 [egg-schedule]: register schedule C:\Users\Administrator\Desktop\egg-reptile\node_modules\egg-logrotator\app\schedule\rotate_by_file.js
2019-11-01 17:13:42,075 INFO 11024 [egg-schedule]: register schedule C:\Users\Administrator\Desktop\egg-reptile\node_modules\egg-multipart\app\schedule\clean_tmpdir.js
2019-11-01 17:13:42,075 INFO 11024 [egg-schedule]: register schedule C:\Users\Administrator\Desktop\egg-reptile\node_modules\egg-logrotator\app\schedule\clean_log.js
2019-11-01 17:13:42,075 INFO 11024 [egg-schedule]: register schedule C:\Users\Administrator\Desktop\egg-reptile\node_modules\egg-logrotator\app\schedule\rotate_by_file.js
2019-11-01 17:38:01,148 INFO 9540 [egg-schedule]: register schedule C:\Users\Administrator\Desktop\egg-reptile\node_modules\egg-multipart\app\schedule\clean_tmpdir.js
2019-11-01 17:38:01,148 INFO 9540 [egg-schedule]: register schedule C:\Users\Administrator\Desktop\egg-reptile\node_modules\egg-logrotator\app\schedule\clean_log.js
2019-11-01 17:38:01,148 INFO 9540 [egg-schedule]: register schedule C:\Users\Administrator\Desktop\egg-reptile\node_modules\egg-logrotator\app\schedule\rotate_by_file.js
2019-11-01 17:38:48,577 INFO 8288 [egg-schedule]: register schedule C:\Users\Administrator\Desktop\egg-reptile\node_modules\egg-multipart\app\schedule\clean_tmpdir.js
2019-11-01 17:38:48,577 INFO 8288 [egg-schedule]: register schedule C:\Users\Administrator\Desktop\egg-reptile\node_modules\egg-logrotator\app\schedule\clean_log.js
2019-11-01 17:38:48,577 INFO 8288 [egg-schedule]: register schedule C:\Users\Administrator\Desktop\egg-reptile\node_modules\egg-logrotator\app\schedule\rotate_by_file.js
2019-11-01 17:50:43,214 INFO 9112 [egg-schedule]: register schedule C:\Users\Administrator\Desktop\egg-reptile\node_modules\egg-multipart\app\schedule\clean_tmpdir.js
2019-11-01 17:50:43,214 INFO 9112 [egg-schedule]: register schedule C:\Users\Administrator\Desktop\egg-reptile\node_modules\egg-logrotator\app\schedule\clean_log.js
2019-11-01 17:50:43,214 INFO 9112 [egg-schedule]: register schedule C:\Users\Administrator\Desktop\egg-reptile\node_modules\egg-logrotator\app\schedule\rotate_by_file.js
2019-11-01 17:50:49,533 INFO 10324 [egg-schedule]: register schedule C:\Users\Administrator\Desktop\egg-reptile\node_modules\egg-multipart\app\schedule\clean_tmpdir.js
2019-11-01 17:50:49,533 INFO 10324 [egg-schedule]: register schedule C:\Users\Administrator\Desktop\egg-reptile\node_modules\egg-logrotator\app\schedule\clean_log.js
2019-11-01 17:50:49,533 INFO 10324 [egg-schedule]: register schedule C:\Users\Administrator\Desktop\egg-reptile\node_modules\egg-logrotator\app\schedule\rotate_by_file.js
2019-11-01 17:51:34,388 INFO 9812 [egg-schedule]: register schedule C:\Users\Administrator\Desktop\egg-reptile\node_modules\egg-multipart\app\schedule\clean_tmpdir.js
2019-11-01 17:51:34,388 INFO 9812 [egg-schedule]: register schedule C:\Users\Administrator\Desktop\egg-reptile\node_modules\egg-logrotator\app\schedule\clean_log.js
2019-11-01 17:51:34,388 INFO 9812 [egg-schedule]: register schedule C:\Users\Administrator\Desktop\egg-reptile\node_modules\egg-logrotator\app\schedule\rotate_by_file.js
2019-11-01 17:52:05,664 INFO 6752 [egg-schedule]: register schedule C:\Users\Administrator\Desktop\egg-reptile\node_modules\egg-multipart\app\schedule\clean_tmpdir.js
2019-11-01 17:52:05,664 INFO 6752 [egg-schedule]: register schedule C:\Users\Administrator\Desktop\egg-reptile\node_modules\egg-logrotator\app\schedule\clean_log.js
2019-11-01 17:52:05,664 INFO 6752 [egg-schedule]: register schedule C:\Users\Administrator\Desktop\egg-reptile\node_modules\egg-logrotator\app\schedule\rotate_by_file.js
2019-11-01 17:52:27,854 INFO 12328 [egg-schedule]: register schedule C:\Users\Administrator\Desktop\egg-reptile\node_modules\egg-multipart\app\schedule\clean_tmpdir.js
2019-11-01 17:52:27,854 INFO 12328 [egg-schedule]: register schedule C:\Users\Administrator\Desktop\egg-reptile\node_modules\egg-logrotator\app\schedule\clean_log.js
2019-11-01 17:52:27,854 INFO 12328 [egg-schedule]: register schedule C:\Users\Administrator\Desktop\egg-reptile\node_modules\egg-logrotator\app\schedule\rotate_by_file.js
2019-11-01 17:54:10,090 INFO 10644 [egg-schedule]: register schedule C:\Users\Administrator\Desktop\egg-reptile\node_modules\egg-multipart\app\schedule\clean_tmpdir.js
2019-11-01 17:54:10,090 INFO 10644 [egg-schedule]: register schedule C:\Users\Administrator\Desktop\egg-reptile\node_modules\egg-logrotator\app\schedule\clean_log.js
2019-11-01 17:54:10,090 INFO 10644 [egg-schedule]: register schedule C:\Users\Administrator\Desktop\egg-reptile\node_modules\egg-logrotator\app\schedule\rotate_by_file.js
2019-11-01 17:54:35,924 INFO 8748 [egg-schedule]: register schedule C:\Users\Administrator\Desktop\egg-reptile\node_modules\egg-multipart\app\schedule\clean_tmpdir.js
2019-11-01 17:54:35,924 INFO 8748 [egg-schedule]: register schedule C:\Users\Administrator\Desktop\egg-reptile\node_modules\egg-logrotator\app\schedule\clean_log.js
2019-11-01 17:54:35,924 INFO 8748 [egg-schedule]: register schedule C:\Users\Administrator\Desktop\egg-reptile\node_modules\egg-logrotator\app\schedule\rotate_by_file.js
2019-11-01 17:56:15,745 INFO 12100 [egg-schedule]: register schedule C:\Users\Administrator\Desktop\egg-reptile\node_modules\egg-multipart\app\schedule\clean_tmpdir.js
2019-11-01 17:56:15,745 INFO 12100 [egg-schedule]: register schedule C:\Users\Administrator\Desktop\egg-reptile\node_modules\egg-logrotator\app\schedule\clean_log.js
2019-11-01 17:56:15,745 INFO 12100 [egg-schedule]: register schedule C:\Users\Administrator\Desktop\egg-reptile\node_modules\egg-logrotator\app\schedule\rotate_by_file.js
2019-11-01 17:59:01,392 INFO 6772 [egg-schedule]: register schedule C:\Users\Administrator\Desktop\egg-reptile\node_modules\egg-multipart\app\schedule\clean_tmpdir.js
2019-11-01 17:59:01,392 INFO 6772 [egg-schedule]: register schedule C:\Users\Administrator\Desktop\egg-reptile\node_modules\egg-logrotator\app\schedule\clean_log.js
2019-11-01 17:59:01,392 INFO 6772 [egg-schedule]: register schedule C:\Users\Administrator\Desktop\egg-reptile\node_modules\egg-logrotator\app\schedule\rotate_by_file.js
2019-11-01 17:59:09,745 INFO 12532 [egg-schedule]: register schedule C:\Users\Administrator\Desktop\egg-reptile\node_modules\egg-multipart\app\schedule\clean_tmpdir.js
2019-11-01 17:59:09,745 INFO 12532 [egg-schedule]: register schedule C:\Users\Administrator\Desktop\egg-reptile\node_modules\egg-logrotator\app\schedule\clean_log.js
2019-11-01 17:59:09,745 INFO 12532 [egg-schedule]: register schedule C:\Users\Administrator\Desktop\egg-reptile\node_modules\egg-logrotator\app\schedule\rotate_by_file.js
2019-11-01 17:59:21,830 INFO 12060 [egg-schedule]: register schedule C:\Users\Administrator\Desktop\egg-reptile\node_modules\egg-multipart\app\schedule\clean_tmpdir.js
2019-11-01 17:59:21,830 INFO 12060 [egg-schedule]: register schedule C:\Users\Administrator\Desktop\egg-reptile\node_modules\egg-logrotator\app\schedule\clean_log.js
2019-11-01 17:59:21,830 INFO 12060 [egg-schedule]: register schedule C:\Users\Administrator\Desktop\egg-reptile\node_modules\egg-logrotator\app\schedule\rotate_by_file.js
2019-11-01 17:59:27,635 INFO 10180 [egg-schedule]: register schedule C:\Users\Administrator\Desktop\egg-reptile\node_modules\egg-multipart\app\schedule\clean_tmpdir.js
2019-11-01 17:59:27,636 INFO 10180 [egg-schedule]: register schedule C:\Users\Administrator\Desktop\egg-reptile\node_modules\egg-logrotator\app\schedule\clean_log.js
2019-11-01 17:59:27,636 INFO 10180 [egg-schedule]: register schedule C:\Users\Administrator\Desktop\egg-reptile\node_modules\egg-logrotator\app\schedule\rotate_by_file.js
2019-11-01 17:59:34,346 INFO 7576 [egg-schedule]: register schedule C:\Users\Administrator\Desktop\egg-reptile\node_modules\egg-multipart\app\schedule\clean_tmpdir.js
2019-11-01 17:59:34,346 INFO 7576 [egg-schedule]: register schedule C:\Users\Administrator\Desktop\egg-reptile\node_modules\egg-logrotator\app\schedule\clean_log.js
2019-11-01 17:59:34,346 INFO 7576 [egg-schedule]: register schedule C:\Users\Administrator\Desktop\egg-reptile\node_modules\egg-logrotator\app\schedule\rotate_by_file.js
2019-11-01 17:59:51,994 INFO 7008 [egg-schedule]: register schedule C:\Users\Administrator\Desktop\egg-reptile\node_modules\egg-multipart\app\schedule\clean_tmpdir.js
2019-11-01 17:59:51,994 INFO 7008 [egg-schedule]: register schedule C:\Users\Administrator\Desktop\egg-reptile\node_modules\egg-logrotator\app\schedule\clean_log.js
2019-11-01 17:59:51,994 INFO 7008 [egg-schedule]: register schedule C:\Users\Administrator\Desktop\egg-reptile\node_modules\egg-logrotator\app\schedule\rotate_by_file.js
2019-11-01 18:00:10,105 INFO 13228 [egg-schedule]: register schedule C:\Users\Administrator\Desktop\egg-reptile\node_modules\egg-multipart\app\schedule\clean_tmpdir.js
2019-11-01 18:00:10,105 INFO 13228 [egg-schedule]: register schedule C:\Users\Administrator\Desktop\egg-reptile\node_modules\egg-logrotator\app\schedule\clean_log.js
2019-11-01 18:00:10,105 INFO 13228 [egg-schedule]: register schedule C:\Users\Administrator\Desktop\egg-reptile\node_modules\egg-logrotator\app\schedule\rotate_by_file.js
2019-11-01 18:05:27,101 INFO 12400 [egg-schedule]: register schedule C:\Users\Administrator\Desktop\egg-reptile\node_modules\egg-multipart\app\schedule\clean_tmpdir.js
2019-11-01 18:05:27,101 INFO 12400 [egg-schedule]: register schedule C:\Users\Administrator\Desktop\egg-reptile\node_modules\egg-logrotator\app\schedule\clean_log.js
2019-11-01 18:05:27,101 INFO 12400 [egg-schedule]: register schedule C:\Users\Administrator\Desktop\egg-reptile\node_modules\egg-logrotator\app\schedule\rotate_by_file.js
2019-11-01 18:05:41,953 INFO 9752 [egg-schedule]: register schedule C:\Users\Administrator\Desktop\egg-reptile\node_modules\egg-multipart\app\schedule\clean_tmpdir.js
2019-11-01 18:05:41,953 INFO 9752 [egg-schedule]: register schedule C:\Users\Administrator\Desktop\egg-reptile\node_modules\egg-logrotator\app\schedule\clean_log.js
2019-11-01 18:05:41,953 INFO 9752 [egg-schedule]: register schedule C:\Users\Administrator\Desktop\egg-reptile\node_modules\egg-logrotator\app\schedule\rotate_by_file.js
2019-11-01 18:06:11,717 INFO 7228 [egg-schedule]: register schedule C:\Users\Administrator\Desktop\egg-reptile\node_modules\egg-multipart\app\schedule\clean_tmpdir.js
2019-11-01 18:06:11,717 INFO 7228 [egg-schedule]: register schedule C:\Users\Administrator\Desktop\egg-reptile\node_modules\egg-logrotator\app\schedule\clean_log.js
2019-11-01 18:06:11,717 INFO 7228 [egg-schedule]: register schedule C:\Users\Administrator\Desktop\egg-reptile\node_modules\egg-logrotator\app\schedule\rotate_by_file.js
2019-11-01 18:06:24,157 INFO 9936 [egg-schedule]: register schedule C:\Users\Administrator\Desktop\egg-reptile\node_modules\egg-multipart\app\schedule\clean_tmpdir.js
2019-11-01 18:06:24,157 INFO 9936 [egg-schedule]: register schedule C:\Users\Administrator\Desktop\egg-reptile\node_modules\egg-logrotator\app\schedule\clean_log.js
2019-11-01 18:06:24,157 INFO 9936 [egg-schedule]: register schedule C:\Users\Administrator\Desktop\egg-reptile\node_modules\egg-logrotator\app\schedule\rotate_by_file.js
2019-11-01 18:06:49,237 INFO 5356 [egg-schedule]: register schedule C:\Users\Administrator\Desktop\egg-reptile\node_modules\egg-multipart\app\schedule\clean_tmpdir.js
2019-11-01 18:06:49,237 INFO 5356 [egg-schedule]: register schedule C:\Users\Administrator\Desktop\egg-reptile\node_modules\egg-logrotator\app\schedule\clean_log.js
2019-11-01 18:06:49,237 INFO 5356 [egg-schedule]: register schedule C:\Users\Administrator\Desktop\egg-reptile\node_modules\egg-logrotator\app\schedule\rotate_by_file.js
2019-11-01 18:07:02,432 INFO 2428 [egg-schedule]: register schedule C:\Users\Administrator\Desktop\egg-reptile\node_modules\egg-multipart\app\schedule\clean_tmpdir.js
2019-11-01 18:07:02,432 INFO 2428 [egg-schedule]: register schedule C:\Users\Administrator\Desktop\egg-reptile\node_modules\egg-logrotator\app\schedule\clean_log.js
2019-11-01 18:07:02,432 INFO 2428 [egg-schedule]: register schedule C:\Users\Administrator\Desktop\egg-reptile\node_modules\egg-logrotator\app\schedule\rotate_by_file.js
2019-11-01 18:09:04,742 INFO 1352 [egg-schedule]: register schedule C:\Users\Administrator\Desktop\egg-reptile\node_modules\egg-multipart\app\schedule\clean_tmpdir.js
2019-11-01 18:09:04,743 INFO 1352 [egg-schedule]: register schedule C:\Users\Administrator\Desktop\egg-reptile\node_modules\egg-logrotator\app\schedule\clean_log.js
2019-11-01 18:09:04,743 INFO 1352 [egg-schedule]: register schedule C:\Users\Administrator\Desktop\egg-reptile\node_modules\egg-logrotator\app\schedule\rotate_by_file.js
2019-11-01 18:09:28,827 INFO 11036 [egg-schedule]: register schedule C:\Users\Administrator\Desktop\egg-reptile\node_modules\egg-multipart\app\schedule\clean_tmpdir.js
2019-11-01 18:09:28,827 INFO 11036 [egg-schedule]: register schedule C:\Users\Administrator\Desktop\egg-reptile\node_modules\egg-logrotator\app\schedule\clean_log.js
2019-11-01 18:09:28,827 INFO 11036 [egg-schedule]: register schedule C:\Users\Administrator\Desktop\egg-reptile\node_modules\egg-logrotator\app\schedule\rotate_by_file.js
2019-11-01 18:10:58,071 INFO 11896 [egg-schedule]: register schedule C:\Users\Administrator\Desktop\egg-reptile\node_modules\egg-multipart\app\schedule\clean_tmpdir.js
2019-11-01 18:10:58,071 INFO 11896 [egg-schedule]: register schedule C:\Users\Administrator\Desktop\egg-reptile\node_modules\egg-logrotator\app\schedule\clean_log.js
2019-11-01 18:10:58,071 INFO 11896 [egg-schedule]: register schedule C:\Users\Administrator\Desktop\egg-reptile\node_modules\egg-logrotator\app\schedule\rotate_by_file.js
2019-11-01 18:12:32,536 INFO 1540 [egg-schedule]: register schedule C:\Users\Administrator\Desktop\egg-reptile\node_modules\egg-multipart\app\schedule\clean_tmpdir.js
2019-11-01 18:12:32,536 INFO 1540 [egg-schedule]: register schedule C:\Users\Administrator\Desktop\egg-reptile\node_modules\egg-logrotator\app\schedule\clean_log.js
2019-11-01 18:12:32,536 INFO 1540 [egg-schedule]: register schedule C:\Users\Administrator\Desktop\egg-reptile\node_modules\egg-logrotator\app\schedule\rotate_by_file.js
2019-11-01 18:12:33,722 INFO 6752 [egg-schedule]: register schedule C:\Users\Administrator\Desktop\egg-reptile\node_modules\egg-multipart\app\schedule\clean_tmpdir.js
2019-11-01 18:12:33,723 INFO 6752 [egg-schedule]: register schedule C:\Users\Administrator\Desktop\egg-reptile\node_modules\egg-logrotator\app\schedule\clean_log.js
2019-11-01 18:12:33,723 INFO 6752 [egg-schedule]: register schedule C:\Users\Administrator\Desktop\egg-reptile\node_modules\egg-logrotator\app\schedule\rotate_by_file.js
2019-11-01 18:15:34,573 INFO 1708 [egg-schedule]: register schedule C:\Users\Administrator\Desktop\egg-reptile\node_modules\egg-multipart\app\schedule\clean_tmpdir.js
2019-11-01 18:15:34,573 INFO 1708 [egg-schedule]: register schedule C:\Users\Administrator\Desktop\egg-reptile\node_modules\egg-logrotator\app\schedule\clean_log.js
2019-11-01 18:15:34,573 INFO 1708 [egg-schedule]: register schedule C:\Users\Administrator\Desktop\egg-reptile\node_modules\egg-logrotator\app\schedule\rotate_by_file.js
2019-11-01 18:15:52,855 INFO 10776 [egg-schedule]: register schedule C:\Users\Administrator\Desktop\egg-reptile\node_modules\egg-multipart\app\schedule\clean_tmpdir.js
2019-11-01 18:15:52,855 INFO 10776 [egg-schedule]: register schedule C:\Users\Administrator\Desktop\egg-reptile\node_modules\egg-logrotator\app\schedule\clean_log.js
2019-11-01 18:15:52,855 INFO 10776 [egg-schedule]: register schedule C:\Users\Administrator\Desktop\egg-reptile\node_modules\egg-logrotator\app\schedule\rotate_by_file.js
2019-11-01 18:16:02,863 INFO 9248 [egg-schedule]: register schedule C:\Users\Administrator\Desktop\egg-reptile\node_modules\egg-multipart\app\schedule\clean_tmpdir.js
2019-11-01 18:16:02,863 INFO 9248 [egg-schedule]: register schedule C:\Users\Administrator\Desktop\egg-reptile\node_modules\egg-logrotator\app\schedule\clean_log.js
2019-11-01 18:16:02,863 INFO 9248 [egg-schedule]: register schedule C:\Users\Administrator\Desktop\egg-reptile\node_modules\egg-logrotator\app\schedule\rotate_by_file.js
2019-11-01 18:16:10,627 INFO 12084 [egg-schedule]: register schedule C:\Users\Administrator\Desktop\egg-reptile\node_modules\egg-multipart\app\schedule\clean_tmpdir.js
2019-11-01 18:16:10,627 INFO 12084 [egg-schedule]: register schedule C:\Users\Administrator\Desktop\egg-reptile\node_modules\egg-logrotator\app\schedule\clean_log.js
2019-11-01 18:16:10,627 INFO 12084 [egg-schedule]: register schedule C:\Users\Administrator\Desktop\egg-reptile\node_modules\egg-logrotator\app\schedule\rotate_by_file.js
2019-11-01 18:16:16,975 INFO 11252 [egg-schedule]: register schedule C:\Users\Administrator\Desktop\egg-reptile\node_modules\egg-multipart\app\schedule\clean_tmpdir.js
2019-11-01 18:16:16,975 INFO 11252 [egg-schedule]: register schedule C:\Users\Administrator\Desktop\egg-reptile\node_modules\egg-logrotator\app\schedule\clean_log.js
2019-11-01 18:16:16,975 INFO 11252 [egg-schedule]: register schedule C:\Users\Administrator\Desktop\egg-reptile\node_modules\egg-logrotator\app\schedule\rotate_by_file.js
2019-11-01 18:20:41,967 INFO 9412 [egg-schedule]: register schedule C:\Users\Administrator\Desktop\egg-reptile\node_modules\egg-multipart\app\schedule\clean_tmpdir.js
2019-11-01 18:20:41,968 INFO 9412 [egg-schedule]: register schedule C:\Users\Administrator\Desktop\egg-reptile\node_modules\egg-logrotator\app\schedule\clean_log.js
2019-11-01 18:20:41,968 INFO 9412 [egg-schedule]: register schedule C:\Users\Administrator\Desktop\egg-reptile\node_modules\egg-logrotator\app\schedule\rotate_by_file.js
2019-11-01 18:20:49,627 INFO 11680 [egg-schedule]: register schedule C:\Users\Administrator\Desktop\egg-reptile\node_modules\egg-multipart\app\schedule\clean_tmpdir.js
2019-11-01 18:20:49,627 INFO 11680 [egg-schedule]: register schedule C:\Users\Administrator\Desktop\egg-reptile\node_modules\egg-logrotator\app\schedule\clean_log.js
2019-11-01 18:20:49,627 INFO 11680 [egg-schedule]: register schedule C:\Users\Administrator\Desktop\egg-reptile\node_modules\egg-logrotator\app\schedule\rotate_by_file.js
2019-11-01 18:21:03,363 INFO 4888 [egg-schedule]: register schedule C:\Users\Administrator\Desktop\egg-reptile\node_modules\egg-multipart\app\schedule\clean_tmpdir.js
2019-11-01 18:21:03,363 INFO 4888 [egg-schedule]: register schedule C:\Users\Administrator\Desktop\egg-reptile\node_modules\egg-logrotator\app\schedule\clean_log.js
2019-11-01 18:21:03,363 INFO 4888 [egg-schedule]: register schedule C:\Users\Administrator\Desktop\egg-reptile\node_modules\egg-logrotator\app\schedule\rotate_by_file.js
2019-11-01 18:21:59,859 INFO 788 [egg-schedule]: register schedule C:\Users\Administrator\Desktop\egg-reptile\node_modules\egg-multipart\app\schedule\clean_tmpdir.js
2019-11-01 18:21:59,859 INFO 788 [egg-schedule]: register schedule C:\Users\Administrator\Desktop\egg-reptile\node_modules\egg-logrotator\app\schedule\clean_log.js
2019-11-01 18:21:59,859 INFO 788 [egg-schedule]: register schedule C:\Users\Administrator\Desktop\egg-reptile\node_modules\egg-logrotator\app\schedule\rotate_by_file.js
2019-11-01 18:22:28,064 INFO 7320 [egg-schedule]: register schedule C:\Users\Administrator\Desktop\egg-reptile\node_modules\egg-multipart\app\schedule\clean_tmpdir.js
2019-11-01 18:22:28,065 INFO 7320 [egg-schedule]: register schedule C:\Users\Administrator\Desktop\egg-reptile\node_modules\egg-logrotator\app\schedule\clean_log.js
2019-11-01 18:22:28,065 INFO 7320 [egg-schedule]: register schedule C:\Users\Administrator\Desktop\egg-reptile\node_modules\egg-logrotator\app\schedule\rotate_by_file.js
2019-11-01 18:23:21,757 INFO 6596 [egg-schedule]: register schedule C:\Users\Administrator\Desktop\egg-reptile\node_modules\egg-multipart\app\schedule\clean_tmpdir.js
2019-11-01 18:23:21,757 INFO 6596 [egg-schedule]: register schedule C:\Users\Administrator\Desktop\egg-reptile\node_modules\egg-logrotator\app\schedule\clean_log.js
2019-11-01 18:23:21,757 INFO 6596 [egg-schedule]: register schedule C:\Users\Administrator\Desktop\egg-reptile\node_modules\egg-logrotator\app\schedule\rotate_by_file.js
2019-11-01 18:23:41,834 INFO 2140 [egg-schedule]: register schedule C:\Users\Administrator\Desktop\egg-reptile\node_modules\egg-multipart\app\schedule\clean_tmpdir.js
2019-11-01 18:23:41,834 INFO 2140 [egg-schedule]: register schedule C:\Users\Administrator\Desktop\egg-reptile\node_modules\egg-logrotator\app\schedule\clean_log.js
2019-11-01 18:23:41,834 INFO 2140 [egg-schedule]: register schedule C:\Users\Administrator\Desktop\egg-reptile\node_modules\egg-logrotator\app\schedule\rotate_by_file.js
2019-11-01 18:24:59,548 INFO 5688 [egg-schedule]: register schedule C:\Users\Administrator\Desktop\egg-reptile\node_modules\egg-multipart\app\schedule\clean_tmpdir.js
2019-11-01 18:24:59,548 INFO 5688 [egg-schedule]: register schedule C:\Users\Administrator\Desktop\egg-reptile\node_modules\egg-logrotator\app\schedule\clean_log.js
2019-11-01 18:24:59,548 INFO 5688 [egg-schedule]: register schedule C:\Users\Administrator\Desktop\egg-reptile\node_modules\egg-logrotator\app\schedule\rotate_by_file.js
2019-11-01 18:25:02,058 INFO 9888 [egg-schedule]: register schedule C:\Users\Administrator\Desktop\egg-reptile\node_modules\egg-multipart\app\schedule\clean_tmpdir.js
2019-11-01 18:25:02,058 INFO 9888 [egg-schedule]: register schedule C:\Users\Administrator\Desktop\egg-reptile\node_modules\egg-logrotator\app\schedule\clean_log.js
2019-11-01 18:25:02,058 INFO 9888 [egg-schedule]: register schedule C:\Users\Administrator\Desktop\egg-reptile\node_modules\egg-logrotator\app\schedule\rotate_by_file.js
2019-11-01 18:25:16,541 INFO 4500 [egg-schedule]: register schedule C:\Users\Administrator\Desktop\egg-reptile\node_modules\egg-multipart\app\schedule\clean_tmpdir.js
2019-11-01 18:25:16,541 INFO 4500 [egg-schedule]: register schedule C:\Users\Administrator\Desktop\egg-reptile\node_modules\egg-logrotator\app\schedule\clean_log.js
2019-11-01 18:25:16,541 INFO 4500 [egg-schedule]: register schedule C:\Users\Administrator\Desktop\egg-reptile\node_modules\egg-logrotator\app\schedule\rotate_by_file.js
2019-11-01 18:25:30,425 INFO 11756 [egg-schedule]: register schedule C:\Users\Administrator\Desktop\egg-reptile\node_modules\egg-multipart\app\schedule\clean_tmpdir.js
2019-11-01 18:25:30,425 INFO 11756 [egg-schedule]: register schedule C:\Users\Administrator\Desktop\egg-reptile\node_modules\egg-logrotator\app\schedule\clean_log.js
2019-11-01 18:25:30,425 INFO 11756 [egg-schedule]: register schedule C:\Users\Administrator\Desktop\egg-reptile\node_modules\egg-logrotator\app\schedule\rotate_by_file.js
2019-11-01 18:25:33,344 INFO 11508 [egg-schedule]: register schedule C:\Users\Administrator\Desktop\egg-reptile\node_modules\egg-multipart\app\schedule\clean_tmpdir.js
2019-11-01 18:25:33,344 INFO 11508 [egg-schedule]: register schedule C:\Users\Administrator\Desktop\egg-reptile\node_modules\egg-logrotator\app\schedule\clean_log.js
2019-11-01 18:25:33,344 INFO 11508 [egg-schedule]: register schedule C:\Users\Administrator\Desktop\egg-reptile\node_modules\egg-logrotator\app\schedule\rotate_by_file.js
2019-11-01 18:25:35,924 INFO 7780 [egg-schedule]: register schedule C:\Users\Administrator\Desktop\egg-reptile\node_modules\egg-multipart\app\schedule\clean_tmpdir.js
2019-11-01 18:25:35,924 INFO 7780 [egg-schedule]: register schedule C:\Users\Administrator\Desktop\egg-reptile\node_modules\egg-logrotator\app\schedule\clean_log.js
2019-11-01 18:25:35,924 INFO 7780 [egg-schedule]: register schedule C:\Users\Administrator\Desktop\egg-reptile\node_modules\egg-logrotator\app\schedule\rotate_by_file.js
2019-11-01 18:26:06,816 INFO 7472 [egg-schedule]: register schedule C:\Users\Administrator\Desktop\egg-reptile\node_modules\egg-multipart\app\schedule\clean_tmpdir.js
2019-11-01 18:26:06,816 INFO 7472 [egg-schedule]: register schedule C:\Users\Administrator\Desktop\egg-reptile\node_modules\egg-logrotator\app\schedule\clean_log.js
2019-11-01 18:26:06,816 INFO 7472 [egg-schedule]: register schedule C:\Users\Administrator\Desktop\egg-reptile\node_modules\egg-logrotator\app\schedule\rotate_by_file.js
